#
# There is insufficient memory for the Java Runtime Environment to continue.
# Native memory allocation (malloc) failed to allocate 1506736 bytes. Error detail: Chunk::new
# Possible reasons:
#   The system is out of physical RAM or swap space
#   This process is running with CompressedOops enabled, and the Java Heap may be blocking the growth of the native heap
# Possible solutions:
#   Reduce memory load on the system
#   Increase physical memory or swap space
#   Check if swap backing store is full
#   Decrease Java heap size (-Xmx/-Xms)
#   Decrease number of Java threads
#   Decrease Java thread stack sizes (-Xss)
#   Set larger code cache with -XX:ReservedCodeCacheSize=
#   JVM is running with Unscaled Compressed Oops mode in which the Java heap is
#     placed in the first 4GB address space. The Java Heap base address is the
#     maximum limit for the native heap growth. Please use -XX:HeapBaseMinAddress
#     to set the Java Heap base and to place the Java Heap above 4GB virtual address.
# This output file may be truncated or incomplete.
#
#  Out of Memory Error (arena.cpp:168), pid=24564, tid=27360
#
# JRE version: OpenJDK Runtime Environment Temurin-21.0.9+10 (21.0.9+10) (build 21.0.9+10-LTS)
# Java VM: OpenJDK 64-Bit Server VM Temurin-21.0.9+10 (21.0.9+10-LTS, mixed mode, sharing, tiered, compressed oops, compressed class ptrs, parallel gc, windows-amd64)
# No core dump will be written. Minidumps are not enabled by default on client versions of Windows
#

---------------  S U M M A R Y ------------

Command Line: --add-modules=ALL-SYSTEM --add-opens=java.base/java.util=ALL-UNNAMED --add-opens=java.base/java.lang=ALL-UNNAMED --add-opens=java.base/sun.nio.fs=ALL-UNNAMED -Declipse.application=org.eclipse.jdt.ls.core.id1 -Dosgi.bundles.defaultStartLevel=4 -Declipse.product=org.eclipse.jdt.ls.core.product -Djava.import.generatesMetadataFilesAtProjectRoot=false -DDetectVMInstallationsJob.disabled=true -Dfile.encoding=utf8 -XX:+UseParallelGC -XX:GCTimeRatio=4 -XX:AdaptiveSizePolicyWeight=90 -Dsun.zip.disableMemoryMapping=true -Xmx2G -Xms100m -Xlog:disable -javaagent:c:\Users\Ali Alaa\.vscode\extensions\redhat.java-1.52.0-win32-x64\lombok\lombok-1.18.39-4050.jar -XX:+HeapDumpOnOutOfMemoryError -XX:HeapDumpPath=c:\Users\Ali Alaa\AppData\Roaming\Code\User\workspaceStorage\dd24bddf2526729cf2f73ba34f565b34\redhat.java -Daether.dependencyCollector.impl=bf c:\Users\Ali Alaa\.vscode\extensions\redhat.java-1.52.0-win32-x64\server\plugins\org.eclipse.equinox.launcher_1.7.100.v20251111-0406.jar -configuration c:\Users\Ali Alaa\AppData\Roaming\Code\User\globalStorage\redhat.java\1.52.0\config_win -data c:\Users\Ali Alaa\AppData\Roaming\Code\User\workspaceStorage\dd24bddf2526729cf2f73ba34f565b34\redhat.java\jdt_ws --pipe=\\.\pipe\lsp-6749ead74885c85f72a309fbcfeb3025-sock

Host: 12th Gen Intel(R) Core(TM) i7-1260P, 16 cores, 15G,  Windows 11 , 64 bit Build 26100 (10.0.26100.7705)
Time: Thu Feb 12 10:53:25 2026 Egypt Standard Time elapsed time: 6.429826 seconds (0d 0h 0m 6s)

---------------  T H R E A D  ---------------

Current thread (0x0000015822112aa0):  JavaThread "C2 CompilerThread7" daemon [_thread_in_native, id=27360, stack(0x0000000b06100000,0x0000000b06200000) (1024K)]


Current CompileTask:
C2:6429 5576       4       org.eclipse.core.internal.watson.ElementTreeIterator::doIteration (114 bytes)

Stack: [0x0000000b06100000,0x0000000b06200000]
Native frames: (J=compiled Java code, j=interpreted, Vv=VM code, C=native code)
V  [jvm.dll+0x6d6e29]
V  [jvm.dll+0x8b4b76]
V  [jvm.dll+0x8b712e]
V  [jvm.dll+0x8b7813]
V  [jvm.dll+0x283d86]
V  [jvm.dll+0xc66ed]
V  [jvm.dll+0xc6c31]
V  [jvm.dll+0x3be501]
V  [jvm.dll+0x1e3b52]
V  [jvm.dll+0x24c0f3]
V  [jvm.dll+0x24b580]
V  [jvm.dll+0x1cb13e]
V  [jvm.dll+0x25b29d]
V  [jvm.dll+0x25982a]
V  [jvm.dll+0x3f7ea6]
V  [jvm.dll+0x85e9ad]
V  [jvm.dll+0x6d565d]
C  [ucrtbase.dll+0x37b0]
C  [KERNEL32.DLL+0x2e8d7]
C  [ntdll.dll+0x8c40c]


---------------  P R O C E S S  ---------------

Threads class SMR info:
_java_thread_list=0x0000015822b55230, length=55, elements={
0x00000157bfe2ea90, 0x00000157bfed0fd0, 0x00000157bfed34a0, 0x00000157bfed9d80,
0x00000157bfed89d0, 0x00000157bfed9060, 0x00000157bfedb130, 0x00000157bfeea7b0,
0x0000015818c6aa60, 0x0000015818d5ed40, 0x0000015818d69ba0, 0x0000015818dbbc20,
0x00000157bfeda410, 0x0000015818f0bc10, 0x00000157bfedaaa0, 0x000001581abfb180,
0x000001581a84da90, 0x00000157bfed96f0, 0x00000157bfedb7c0, 0x00000157bfed8340,
0x000001581f0d80a0, 0x000001581f0d8730, 0x000001581f0d5940, 0x000001581f0d6660,
0x000001581f0d8dc0, 0x000001581f0d6cf0, 0x000001581f0d9450, 0x000001581f0d5fd0,
0x00000158206f7010, 0x00000158206ff6d0, 0x0000015820700580, 0x0000015822112aa0,
0x000001581f0da800, 0x000001581f0da170, 0x000001581f0d7a10, 0x000001581f0d7380,
0x000001581f0dcf60, 0x000001581f0dae90, 0x000001581f0db520, 0x000001581f0dbbb0,
0x000001581f0dc240, 0x000001581f0dc8d0, 0x00000158230f6190, 0x00000158230f3a30,
0x00000158230f4750, 0x00000158230f2d10, 0x00000158230f6820, 0x00000158230f40c0,
0x00000158230f5b00, 0x00000158230f33a0, 0x00000158230f7bd0, 0x00000158230f7540,
0x00000158230f6eb0, 0x00000158230f8260, 0x00000158230f4de0
}

Java Threads: ( => current thread )
  0x00000157bfe2ea90 JavaThread "main"                              [_thread_in_vm, id=28224, stack(0x0000000b03300000,0x0000000b03400000) (1024K)]
  0x00000157bfed0fd0 JavaThread "Reference Handler"          daemon [_thread_blocked, id=25820, stack(0x0000000b03700000,0x0000000b03800000) (1024K)]
  0x00000157bfed34a0 JavaThread "Finalizer"                  daemon [_thread_blocked, id=25128, stack(0x0000000b03800000,0x0000000b03900000) (1024K)]
  0x00000157bfed9d80 JavaThread "Signal Dispatcher"          daemon [_thread_blocked, id=22500, stack(0x0000000b03900000,0x0000000b03a00000) (1024K)]
  0x00000157bfed89d0 JavaThread "Attach Listener"            daemon [_thread_blocked, id=26020, stack(0x0000000b03a00000,0x0000000b03b00000) (1024K)]
  0x00000157bfed9060 JavaThread "Service Thread"             daemon [_thread_blocked, id=14176, stack(0x0000000b03b00000,0x0000000b03c00000) (1024K)]
  0x00000157bfedb130 JavaThread "Monitor Deflation Thread"   daemon [_thread_blocked, id=26240, stack(0x0000000b03c00000,0x0000000b03d00000) (1024K)]
  0x00000157bfeea7b0 JavaThread "C2 CompilerThread0"         daemon [_thread_in_native, id=28480, stack(0x0000000b03d00000,0x0000000b03e00000) (1024K)]
  0x0000015818c6aa60 JavaThread "C1 CompilerThread0"         daemon [_thread_blocked, id=19924, stack(0x0000000b03e00000,0x0000000b03f00000) (1024K)]
  0x0000015818d5ed40 JavaThread "C1 CompilerThread1"         daemon [_thread_blocked, id=26428, stack(0x0000000b03f00000,0x0000000b04000000) (1024K)]
  0x0000015818d69ba0 JavaThread "C1 CompilerThread2"         daemon [_thread_in_native, id=25096, stack(0x0000000b04000000,0x0000000b04100000) (1024K)]
  0x0000015818dbbc20 JavaThread "C2 CompilerThread1"         daemon [_thread_in_native, id=27824, stack(0x0000000b04100000,0x0000000b04200000) (1024K)]
  0x00000157bfeda410 JavaThread "Common-Cleaner"             daemon [_thread_blocked, id=17952, stack(0x0000000b04300000,0x0000000b04400000) (1024K)]
  0x0000015818f0bc10 JavaThread "C1 CompilerThread3"         daemon [_thread_blocked, id=28164, stack(0x0000000b04400000,0x0000000b04500000) (1024K)]
  0x00000157bfedaaa0 JavaThread "Notification Thread"        daemon [_thread_blocked, id=20264, stack(0x0000000b04500000,0x0000000b04600000) (1024K)]
  0x000001581abfb180 JavaThread "C2 CompilerThread2"         daemon [_thread_in_native, id=13632, stack(0x0000000b04200000,0x0000000b04300000) (1024K)]
  0x000001581a84da90 JavaThread "C2 CompilerThread3"         daemon [_thread_in_native, id=19828, stack(0x0000000b04c00000,0x0000000b04d00000) (1024K)]
  0x00000157bfed96f0 JavaThread "Active Thread: Equinox Container: ee701257-6601-41d5-a5df-7afb2db7dd88"        [_thread_blocked, id=20060, stack(0x0000000b04e00000,0x0000000b04f00000) (1024K)]
  0x00000157bfedb7c0 JavaThread "Refresh Thread: Equinox Container: ee701257-6601-41d5-a5df-7afb2db7dd88" daemon [_thread_blocked, id=19260, stack(0x0000000b05000000,0x0000000b05100000) (1024K)]
  0x00000157bfed8340 JavaThread "Framework Event Dispatcher: Equinox Container: ee701257-6601-41d5-a5df-7afb2db7dd88" daemon [_thread_blocked, id=19232, stack(0x0000000b05100000,0x0000000b05200000) (1024K)]
  0x000001581f0d80a0 JavaThread "Start Level: Equinox Container: ee701257-6601-41d5-a5df-7afb2db7dd88" daemon [_thread_blocked, id=21284, stack(0x0000000b05200000,0x0000000b05300000) (1024K)]
  0x000001581f0d8730 JavaThread "Bundle File Closer"         daemon [_thread_blocked, id=17724, stack(0x0000000b05600000,0x0000000b05700000) (1024K)]
  0x000001581f0d5940 JavaThread "SCR Component Actor"        daemon [_thread_blocked, id=21372, stack(0x0000000b05700000,0x0000000b05800000) (1024K)]
  0x000001581f0d6660 JavaThread "Worker-JM"                         [_thread_blocked, id=21616, stack(0x0000000b05800000,0x0000000b05900000) (1024K)]
  0x000001581f0d8dc0 JavaThread "JNA Cleaner"                daemon [_thread_blocked, id=26460, stack(0x0000000b05b00000,0x0000000b05c00000) (1024K)]
  0x000001581f0d6cf0 JavaThread "Worker-0: Repository registry initialization"        [_thread_blocked, id=22208, stack(0x0000000b05a00000,0x0000000b05b00000) (1024K)]
  0x000001581f0d9450 JavaThread "Worker-1: Refreshing workspace"        [_thread_in_vm, id=25944, stack(0x0000000b05c00000,0x0000000b05d00000) (1024K)]
  0x000001581f0d5fd0 JavaThread "Worker-2: Updating Maven Dependencies"        [_thread_in_vm, id=5564, stack(0x0000000b05d00000,0x0000000b05e00000) (1024K)]
  0x00000158206f7010 JavaThread "C2 CompilerThread4"         daemon [_thread_in_native, id=24780, stack(0x0000000b05e00000,0x0000000b05f00000) (1024K)]
  0x00000158206ff6d0 JavaThread "C2 CompilerThread5"         daemon [_thread_in_native, id=28276, stack(0x0000000b05f00000,0x0000000b06000000) (1024K)]
  0x0000015820700580 JavaThread "C2 CompilerThread6"         daemon [_thread_in_native, id=15528, stack(0x0000000b06000000,0x0000000b06100000) (1024K)]
=>0x0000015822112aa0 JavaThread "C2 CompilerThread7"         daemon [_thread_in_native, id=27360, stack(0x0000000b06100000,0x0000000b06200000) (1024K)]
  0x000001581f0da800 JavaThread "Java indexing"              daemon [_thread_blocked, id=25748, stack(0x0000000b06200000,0x0000000b06300000) (1024K)]
  0x000001581f0da170 JavaThread "Worker-3: Initialize After Load"        [_thread_blocked, id=28064, stack(0x0000000b06600000,0x0000000b06700000) (1024K)]
  0x000001581f0d7a10 JavaThread "Worker-4"                          [_thread_blocked, id=22140, stack(0x0000000b06700000,0x0000000b06800000) (1024K)]
  0x000001581f0d7380 JavaThread "Worker-5"                          [_thread_blocked, id=14696, stack(0x0000000b06800000,0x0000000b06900000) (1024K)]
  0x000001581f0dcf60 JavaThread "Worker-6: Updating workspace"        [_thread_blocked, id=24088, stack(0x0000000b06900000,0x0000000b06a00000) (1024K)]
  0x000001581f0dae90 JavaThread "Thread-1"                   daemon [_thread_in_native, id=27756, stack(0x0000000b06a00000,0x0000000b06b00000) (1024K)]
  0x000001581f0db520 JavaThread "Thread-2"                   daemon [_thread_in_native, id=26824, stack(0x0000000b06b00000,0x0000000b06c00000) (1024K)]
  0x000001581f0dbbb0 JavaThread "Thread-3"                   daemon [_thread_in_native, id=23252, stack(0x0000000b06c00000,0x0000000b06d00000) (1024K)]
  0x000001581f0dc240 JavaThread "Thread-4"                   daemon [_thread_in_native, id=26208, stack(0x0000000b06d00000,0x0000000b06e00000) (1024K)]
  0x000001581f0dc8d0 JavaThread "Thread-5"                   daemon [_thread_in_native, id=22144, stack(0x0000000b06e00000,0x0000000b06f00000) (1024K)]
  0x00000158230f6190 JavaThread "Thread-6"                   daemon [_thread_in_native, id=23460, stack(0x0000000b06f00000,0x0000000b07000000) (1024K)]
  0x00000158230f3a30 JavaThread "Thread-7"                   daemon [_thread_in_native, id=21860, stack(0x0000000b07000000,0x0000000b07100000) (1024K)]
  0x00000158230f4750 JavaThread "Thread-8"                   daemon [_thread_in_native, id=24276, stack(0x0000000b07100000,0x0000000b07200000) (1024K)]
  0x00000158230f2d10 JavaThread "Thread-9"                   daemon [_thread_in_native, id=23068, stack(0x0000000b07200000,0x0000000b07300000) (1024K)]
  0x00000158230f6820 JavaThread "Thread-10"                  daemon [_thread_in_native, id=25696, stack(0x0000000b07300000,0x0000000b07400000) (1024K)]
  0x00000158230f40c0 JavaThread "Thread-11"                  daemon [_thread_in_native, id=25984, stack(0x0000000b07400000,0x0000000b07500000) (1024K)]
  0x00000158230f5b00 JavaThread "Thread-12"                  daemon [_thread_in_native, id=28664, stack(0x0000000b07500000,0x0000000b07600000) (1024K)]
  0x00000158230f33a0 JavaThread "Thread-13"                  daemon [_thread_in_native, id=424, stack(0x0000000b07600000,0x0000000b07700000) (1024K)]
  0x00000158230f7bd0 JavaThread "Thread-14"                  daemon [_thread_in_native, id=19184, stack(0x0000000b07700000,0x0000000b07800000) (1024K)]
  0x00000158230f7540 JavaThread "Thread-15"                  daemon [_thread_in_native, id=27168, stack(0x0000000b07800000,0x0000000b07900000) (1024K)]
  0x00000158230f6eb0 JavaThread "Thread-16"                  daemon [_thread_in_native, id=18896, stack(0x0000000b07900000,0x0000000b07a00000) (1024K)]
  0x00000158230f8260 JavaThread "Thread-17"                  daemon [_thread_in_native, id=22400, stack(0x0000000b07a00000,0x0000000b07b00000) (1024K)]
  0x00000158230f4de0 JavaThread "pool-2-thread-1"                   [_thread_blocked, id=26116, stack(0x0000000b07b00000,0x0000000b07c00000) (1024K)]
Total: 55

Other Threads:
  0x00000157bfed0c20 VMThread "VM Thread"                           [id=17160, stack(0x0000000b03600000,0x0000000b03700000) (1024K)]
  0x00000157bfcbca10 WatcherThread "VM Periodic Task Thread"        [id=27540, stack(0x0000000b03500000,0x0000000b03600000) (1024K)]
  0x00000157bfe4d100 WorkerThread "GC Thread#0"                     [id=3160, stack(0x0000000b03400000,0x0000000b03500000) (1024K)]
  0x000001581aaabde0 WorkerThread "GC Thread#1"                     [id=20416, stack(0x0000000b04600000,0x0000000b04700000) (1024K)]
  0x000001581aaac590 WorkerThread "GC Thread#2"                     [id=16068, stack(0x0000000b04700000,0x0000000b04800000) (1024K)]
  0x000001581aaac930 WorkerThread "GC Thread#3"                     [id=15884, stack(0x0000000b04800000,0x0000000b04900000) (1024K)]
  0x000001581a7d04f0 WorkerThread "GC Thread#4"                     [id=19816, stack(0x0000000b04900000,0x0000000b04a00000) (1024K)]
  0x000001581ab7cbc0 WorkerThread "GC Thread#5"                     [id=20028, stack(0x0000000b04a00000,0x0000000b04b00000) (1024K)]
  0x000001581ab7b600 WorkerThread "GC Thread#6"                     [id=19484, stack(0x0000000b04b00000,0x0000000b04c00000) (1024K)]
  0x000001581ab7bd40 WorkerThread "GC Thread#7"                     [id=20756, stack(0x0000000b04f00000,0x0000000b05000000) (1024K)]
  0x000001581ab7cf60 WorkerThread "GC Thread#8"                     [id=21392, stack(0x0000000b05300000,0x0000000b05400000) (1024K)]
  0x000001581ab7c480 WorkerThread "GC Thread#9"                     [id=21388, stack(0x0000000b05400000,0x0000000b05500000) (1024K)]
  0x000001581ab7c820 WorkerThread "GC Thread#10"                    [id=20820, stack(0x0000000b05500000,0x0000000b05600000) (1024K)]
  0x000001581fdce340 WorkerThread "GC Thread#11"                    [id=27500, stack(0x0000000b04d00000,0x0000000b04e00000) (1024K)]
  0x000001581fdcf560 WorkerThread "GC Thread#12"                    [id=18984, stack(0x0000000b05900000,0x0000000b05a00000) (1024K)]
Total: 15

Threads with active compile tasks:
C2 CompilerThread0  6447 5607   !   4       org.eclipse.osgi.internal.loader.classpath.ClasspathManager::findClassImpl (328 bytes)
C2 CompilerThread1  6447 5608       4       org.eclipse.osgi.internal.loader.classpath.ClasspathEntry::findEntry (56 bytes)
C2 CompilerThread2  6447 5484   !   4       org.eclipse.osgi.internal.loader.BundleLoader::findClass0 (490 bytes)
C2 CompilerThread3  6448 5852       4       java.util.regex.Pattern::atom (422 bytes)
C2 CompilerThread4  6448 5046       4       org.lombokweb.asm.ClassReader::readMethod (1070 bytes)
C2 CompilerThread5  6448 5796       4       java.lang.StringConcatHelper::simpleConcat (94 bytes)
C2 CompilerThread6  6449 5453   !   4       org.eclipse.core.internal.localstore.UnifiedTree::addChildren (479 bytes)
C2 CompilerThread7  6449 5576       4       org.eclipse.core.internal.watson.ElementTreeIterator::doIteration (114 bytes)
Total: 8

VM state: not at safepoint (normal execution)

VM Mutex/Monitor currently owned by a thread: None

Heap address: 0x0000000080000000, size: 2048 MB, Compressed Oops mode: 32-bit

CDS archive(s) mapped at: [0x00000157d7000000-0x00000157d7ba0000-0x00000157d7ba0000), size 12189696, SharedBaseAddress: 0x00000157d7000000, ArchiveRelocationMode: 1.
Compressed class space mapped at: 0x00000157d8000000-0x0000015818000000, reserved size: 1073741824
Narrow klass base: 0x00000157d7000000, Narrow klass shift: 0, Narrow klass range: 0x100000000

GC Precious Log:
 CardTable entry size: 512
 CPUs: 16 total, 16 available
 Memory: 16088M
 Large Page Support: Disabled
 NUMA Support: Disabled
 Compressed Oops: Enabled (32-bit)
 Alignments: Space 512K, Generation 512K, Heap 2M
 Heap Min Capacity: 100M
 Heap Initial Capacity: 100M
 Heap Max Capacity: 2G
 Pre-touch: Disabled
 Parallel Workers: 13

Heap:
 PSYoungGen      total 20480K, used 11472K [0x00000000d5580000, 0x00000000d6e00000, 0x0000000100000000)
  eden space 19968K, 57% used [0x00000000d5580000,0x00000000d60b4008,0x00000000d6900000)
  from space 512K, 0% used [0x00000000d6b00000,0x00000000d6b00000,0x00000000d6b80000)
  to   space 2048K, 0% used [0x00000000d6900000,0x00000000d6900000,0x00000000d6b00000)
 ParOldGen       total 68608K, used 23530K [0x0000000080000000, 0x0000000084300000, 0x00000000d5580000)
  object space 68608K, 34% used [0x0000000080000000,0x00000000816fa918,0x0000000084300000)
 Metaspace       used 35895K, committed 37056K, reserved 1114112K
  class space    used 3649K, committed 4096K, reserved 1048576K

Card table byte_map: [0x00000157bf7d0000,0x00000157bfbe0000] _byte_map_base: 0x00000157bf3d0000

Marking Bits: (ParMarkBitMap*) 0x00007ffb3f5c2460
 Begin Bits: [0x00000157d22e0000, 0x00000157d42e0000)
 End Bits:   [0x00000157d42e0000, 0x00000157d62e0000)

Polling page: 0x00000157bdcb0000

Metaspace:

Usage:
  Non-class:     31.49 MB used.
      Class:      3.56 MB used.
       Both:     35.05 MB used.

Virtual space:
  Non-class space:       64.00 MB reserved,      32.19 MB ( 50%) committed,  1 nodes.
      Class space:        1.00 GB reserved,       4.00 MB ( <1%) committed,  1 nodes.
             Both:        1.06 GB reserved,      36.19 MB (  3%) committed. 

Chunk freelists:
   Non-Class:  15.59 MB
       Class:  12.02 MB
        Both:  27.61 MB

MaxMetaspaceSize: unlimited
CompressedClassSpaceSize: 1.00 GB
Initial GC threshold: 21.00 MB
Current GC threshold: 58.38 MB
CDS: on
 - commit_granule_bytes: 65536.
 - commit_granule_words: 8192.
 - virtual_space_node_default_size: 8388608.
 - enlarge_chunks_in_place: 1.
 - use_allocation_guard: 0.


Internal statistics:

num_allocs_failed_limit: 6.
num_arena_births: 754.
num_arena_deaths: 16.
num_vsnodes_births: 2.
num_vsnodes_deaths: 0.
num_space_committed: 579.
num_space_uncommitted: 0.
num_chunks_returned_to_freelist: 23.
num_chunks_taken_from_freelist: 2309.
num_chunk_merges: 8.
num_chunk_splits: 1424.
num_chunks_enlarged: 828.
num_inconsistent_stats: 0.

CodeHeap 'non-profiled nmethods': size=119168Kb used=2856Kb max_used=3170Kb free=116311Kb
 bounds [0x00000157cabd0000, 0x00000157caef0000, 0x00000157d2030000]
CodeHeap 'profiled nmethods': size=119104Kb used=11153Kb max_used=12456Kb free=107951Kb
 bounds [0x00000157c3030000, 0x00000157c3c70000, 0x00000157ca480000]
CodeHeap 'non-nmethods': size=7488Kb used=3050Kb max_used=3093Kb free=4437Kb
 bounds [0x00000157ca480000, 0x00000157ca790000, 0x00000157cabd0000]
CodeCache: size=245760Kb, used=17059Kb, max_used=18719Kb, free=228699Kb
 total_blobs=5861, nmethods=5200, adapters=564, full_count=0
Compilation: enabled, stopped_count=0, restarted_count=0

Compilation events (20 events):
Event: 4.393 Thread 0x0000015818f0bc10 5839       1       com.sun.org.apache.xerces.internal.dom.TextImpl::getNodeType (2 bytes)
Event: 4.393 Thread 0x0000015818d5ed40 nmethod 5837 0x00000157c3466b10 code [0x00000157c3466cc0, 0x00000157c3466e20]
Event: 4.393 Thread 0x0000015818f0bc10 nmethod 5839 0x00000157cacd4810 code [0x00000157cacd49a0, 0x00000157cacd4a68]
Event: 4.393 Thread 0x0000015818c6aa60 nmethod 5838 0x00000157c356bf90 code [0x00000157c356c160, 0x00000157c356c468]
Event: 4.394 Thread 0x0000015818c6aa60 5841       3       sun.nio.fs.WindowsPath::getPathForWin32Calls (6 bytes)
Event: 4.394 Thread 0x0000015818f0bc10 5842   !   3       sun.nio.fs.WindowsPath::getPathForWin32Calls (147 bytes)
Event: 4.394 Thread 0x0000015818d5ed40 5840   !   3       sun.nio.fs.WindowsFileAttributes::get (275 bytes)
Event: 4.395 Thread 0x0000015818c6aa60 nmethod 5841 0x00000157c34c1090 code [0x00000157c34c1240, 0x00000157c34c1380]
Event: 4.395 Thread 0x0000015818c6aa60 5843       3       jdk.internal.reflect.ConstantPool::getUTF8At (10 bytes)
Event: 4.396 Thread 0x0000015818c6aa60 nmethod 5843 0x00000157c34ce990 code [0x00000157c34ceb40, 0x00000157c34cec88]
Event: 4.396 Thread 0x0000015818c6aa60 5844       3       java.lang.invoke.DelegatingMethodHandle::<init> (10 bytes)
Event: 4.398 Thread 0x0000015818c6aa60 nmethod 5844 0x00000157c3216410 code [0x00000157c32165e0, 0x00000157c32169a0]
Event: 4.398 Thread 0x0000015818f0bc10 nmethod 5842 0x00000157c30ee390 code [0x00000157c30ee640, 0x00000157c30ef4a8]
Event: 4.398 Thread 0x0000015818d69ba0 nmethod 5836 0x00000157c3171f10 code [0x00000157c31723c0, 0x00000157c3174788]
Event: 4.398 Thread 0x0000015818c6aa60 5845       3       java.lang.invoke.DelegatingMethodHandle::chooseDelegatingForm (24 bytes)
Event: 4.399 Thread 0x0000015818c6aa60 nmethod 5845 0x00000157c36fde10 code [0x00000157c36fdfe0, 0x00000157c36fe300]
Event: 4.399 Thread 0x0000015818f0bc10 5846       1       com.sun.org.apache.xerces.internal.impl.XMLErrorReporter::setDocumentLocator (6 bytes)
Event: 5.427 Thread 0x0000015818c6aa60 5849       3       org.eclipse.core.internal.jobs.JobManager::select (60 bytes)
Event: 5.428 Thread 0x0000015818f0bc10 nmethod 5846 0x00000157caccc410 code [0x00000157caccc5a0, 0x00000157caccc680]
Event: 5.428 Thread 0x0000015818f0bc10 5855       3       java.util.regex.Pattern$BnM::optimize (179 bytes)

GC Heap History (20 events):
Event: 3.718 GC heap before
{Heap before GC invocations=21 (full 1):
 PSYoungGen      total 21504K, used 21433K [0x00000000d5580000, 0x00000000d6c80000, 0x0000000100000000)
  eden space 20992K, 99% used [0x00000000d5580000,0x00000000d69fe520,0x00000000d6a00000)
  from space 512K, 87% used [0x00000000d6b80000,0x00000000d6bf0000,0x00000000d6c00000)
  to   space 512K, 0% used [0x00000000d6c00000,0x00000000d6c00000,0x00000000d6c80000)
 ParOldGen       total 68608K, used 21905K [0x0000000080000000, 0x0000000084300000, 0x00000000d5580000)
  object space 68608K, 31% used [0x0000000080000000,0x00000000815647a0,0x0000000084300000)
 Metaspace       used 30216K, committed 31104K, reserved 1114112K
  class space    used 2903K, committed 3264K, reserved 1048576K
}
Event: 3.719 GC heap after
{Heap after GC invocations=21 (full 1):
 PSYoungGen      total 21504K, used 501K [0x00000000d5580000, 0x00000000d6c80000, 0x0000000100000000)
  eden space 20992K, 0% used [0x00000000d5580000,0x00000000d5580000,0x00000000d6a00000)
  from space 512K, 98% used [0x00000000d6c00000,0x00000000d6c7d798,0x00000000d6c80000)
  to   space 1024K, 0% used [0x00000000d6a80000,0x00000000d6a80000,0x00000000d6b80000)
 ParOldGen       total 68608K, used 22177K [0x0000000080000000, 0x0000000084300000, 0x00000000d5580000)
  object space 68608K, 32% used [0x0000000080000000,0x00000000815a87a0,0x0000000084300000)
 Metaspace       used 30216K, committed 31104K, reserved 1114112K
  class space    used 2903K, committed 3264K, reserved 1048576K
}
Event: 3.832 GC heap before
{Heap before GC invocations=22 (full 1):
 PSYoungGen      total 21504K, used 21493K [0x00000000d5580000, 0x00000000d6c80000, 0x0000000100000000)
  eden space 20992K, 100% used [0x00000000d5580000,0x00000000d6a00000,0x00000000d6a00000)
  from space 512K, 98% used [0x00000000d6c00000,0x00000000d6c7d798,0x00000000d6c80000)
  to   space 1024K, 0% used [0x00000000d6a80000,0x00000000d6a80000,0x00000000d6b80000)
 ParOldGen       total 68608K, used 22177K [0x0000000080000000, 0x0000000084300000, 0x00000000d5580000)
  object space 68608K, 32% used [0x0000000080000000,0x00000000815a87a0,0x0000000084300000)
 Metaspace       used 30900K, committed 31872K, reserved 1114112K
  class space    used 2995K, committed 3392K, reserved 1048576K
}
Event: 3.833 GC heap after
{Heap after GC invocations=22 (full 1):
 PSYoungGen      total 22016K, used 605K [0x00000000d5580000, 0x00000000d6c80000, 0x0000000100000000)
  eden space 20992K, 0% used [0x00000000d5580000,0x00000000d5580000,0x00000000d6a00000)
  from space 1024K, 59% used [0x00000000d6a80000,0x00000000d6b17510,0x00000000d6b80000)
  to   space 1024K, 0% used [0x00000000d6b80000,0x00000000d6b80000,0x00000000d6c80000)
 ParOldGen       total 68608K, used 22351K [0x0000000080000000, 0x0000000084300000, 0x00000000d5580000)
  object space 68608K, 32% used [0x0000000080000000,0x00000000815d3d28,0x0000000084300000)
 Metaspace       used 30900K, committed 31872K, reserved 1114112K
  class space    used 2995K, committed 3392K, reserved 1048576K
}
Event: 3.919 GC heap before
{Heap before GC invocations=23 (full 1):
 PSYoungGen      total 22016K, used 21597K [0x00000000d5580000, 0x00000000d6c80000, 0x0000000100000000)
  eden space 20992K, 100% used [0x00000000d5580000,0x00000000d6a00000,0x00000000d6a00000)
  from space 1024K, 59% used [0x00000000d6a80000,0x00000000d6b17510,0x00000000d6b80000)
  to   space 1024K, 0% used [0x00000000d6b80000,0x00000000d6b80000,0x00000000d6c80000)
 ParOldGen       total 68608K, used 22351K [0x0000000080000000, 0x0000000084300000, 0x00000000d5580000)
  object space 68608K, 32% used [0x0000000080000000,0x00000000815d3d28,0x0000000084300000)
 Metaspace       used 31951K, committed 33024K, reserved 1114112K
  class space    used 3110K, committed 3584K, reserved 1048576K
}
Event: 3.920 GC heap after
{Heap after GC invocations=23 (full 1):
 PSYoungGen      total 22016K, used 1012K [0x00000000d5580000, 0x00000000d6d00000, 0x0000000100000000)
  eden space 20992K, 0% used [0x00000000d5580000,0x00000000d5580000,0x00000000d6a00000)
  from space 1024K, 98% used [0x00000000d6b80000,0x00000000d6c7d138,0x00000000d6c80000)
  to   space 1536K, 0% used [0x00000000d6a00000,0x00000000d6a00000,0x00000000d6b80000)
 ParOldGen       total 68608K, used 22697K [0x0000000080000000, 0x0000000084300000, 0x00000000d5580000)
  object space 68608K, 33% used [0x0000000080000000,0x000000008162a480,0x0000000084300000)
 Metaspace       used 31951K, committed 33024K, reserved 1114112K
  class space    used 3110K, committed 3584K, reserved 1048576K
}
Event: 3.959 GC heap before
{Heap before GC invocations=24 (full 1):
 PSYoungGen      total 22016K, used 22004K [0x00000000d5580000, 0x00000000d6d00000, 0x0000000100000000)
  eden space 20992K, 100% used [0x00000000d5580000,0x00000000d6a00000,0x00000000d6a00000)
  from space 1024K, 98% used [0x00000000d6b80000,0x00000000d6c7d138,0x00000000d6c80000)
  to   space 1536K, 0% used [0x00000000d6a00000,0x00000000d6a00000,0x00000000d6b80000)
 ParOldGen       total 68608K, used 22697K [0x0000000080000000, 0x0000000084300000, 0x00000000d5580000)
  object space 68608K, 33% used [0x0000000080000000,0x000000008162a480,0x0000000084300000)
 Metaspace       used 32298K, committed 33408K, reserved 1114112K
  class space    used 3158K, committed 3648K, reserved 1048576K
}
Event: 3.960 GC heap after
{Heap after GC invocations=24 (full 1):
 PSYoungGen      total 22016K, used 812K [0x00000000d5580000, 0x00000000d6c00000, 0x0000000100000000)
  eden space 20992K, 0% used [0x00000000d5580000,0x00000000d5580000,0x00000000d6a00000)
  from space 1024K, 79% used [0x00000000d6a00000,0x00000000d6acb230,0x00000000d6b00000)
  to   space 1024K, 0% used [0x00000000d6b00000,0x00000000d6b00000,0x00000000d6c00000)
 ParOldGen       total 68608K, used 23421K [0x0000000080000000, 0x0000000084300000, 0x00000000d5580000)
  object space 68608K, 34% used [0x0000000080000000,0x00000000816df5c8,0x0000000084300000)
 Metaspace       used 32298K, committed 33408K, reserved 1114112K
  class space    used 3158K, committed 3648K, reserved 1048576K
}
Event: 4.020 GC heap before
{Heap before GC invocations=25 (full 1):
 PSYoungGen      total 22016K, used 21804K [0x00000000d5580000, 0x00000000d6c00000, 0x0000000100000000)
  eden space 20992K, 100% used [0x00000000d5580000,0x00000000d6a00000,0x00000000d6a00000)
  from space 1024K, 79% used [0x00000000d6a00000,0x00000000d6acb230,0x00000000d6b00000)
  to   space 1024K, 0% used [0x00000000d6b00000,0x00000000d6b00000,0x00000000d6c00000)
 ParOldGen       total 68608K, used 23421K [0x0000000080000000, 0x0000000084300000, 0x00000000d5580000)
  object space 68608K, 34% used [0x0000000080000000,0x00000000816df5c8,0x0000000084300000)
 Metaspace       used 33121K, committed 34176K, reserved 1114112K
  class space    used 3265K, committed 3712K, reserved 1048576K
}
Event: 4.021 GC heap after
{Heap after GC invocations=25 (full 1):
 PSYoungGen      total 22016K, used 480K [0x00000000d5580000, 0x00000000d6c00000, 0x0000000100000000)
  eden space 20992K, 0% used [0x00000000d5580000,0x00000000d5580000,0x00000000d6a00000)
  from space 1024K, 46% used [0x00000000d6b00000,0x00000000d6b78000,0x00000000d6c00000)
  to   space 1024K, 0% used [0x00000000d6a00000,0x00000000d6a00000,0x00000000d6b00000)
 ParOldGen       total 68608K, used 23865K [0x0000000080000000, 0x0000000084300000, 0x00000000d5580000)
  object space 68608K, 34% used [0x0000000080000000,0x000000008174e7f8,0x0000000084300000)
 Metaspace       used 33121K, committed 34176K, reserved 1114112K
  class space    used 3265K, committed 3712K, reserved 1048576K
}
Event: 4.073 GC heap before
{Heap before GC invocations=26 (full 1):
 PSYoungGen      total 22016K, used 21472K [0x00000000d5580000, 0x00000000d6c00000, 0x0000000100000000)
  eden space 20992K, 100% used [0x00000000d5580000,0x00000000d6a00000,0x00000000d6a00000)
  from space 1024K, 46% used [0x00000000d6b00000,0x00000000d6b78000,0x00000000d6c00000)
  to   space 1024K, 0% used [0x00000000d6a00000,0x00000000d6a00000,0x00000000d6b00000)
 ParOldGen       total 68608K, used 23865K [0x0000000080000000, 0x0000000084300000, 0x00000000d5580000)
  object space 68608K, 34% used [0x0000000080000000,0x000000008174e7f8,0x0000000084300000)
 Metaspace       used 33708K, committed 34752K, reserved 1114112K
  class space    used 3354K, committed 3776K, reserved 1048576K
}
Event: 4.074 GC heap after
{Heap after GC invocations=26 (full 1):
 PSYoungGen      total 22016K, used 352K [0x00000000d5580000, 0x00000000d6b80000, 0x0000000100000000)
  eden space 20992K, 0% used [0x00000000d5580000,0x00000000d5580000,0x00000000d6a00000)
  from space 1024K, 34% used [0x00000000d6a00000,0x00000000d6a58000,0x00000000d6b00000)
  to   space 512K, 0% used [0x00000000d6b00000,0x00000000d6b00000,0x00000000d6b80000)
 ParOldGen       total 68608K, used 24017K [0x0000000080000000, 0x0000000084300000, 0x00000000d5580000)
  object space 68608K, 35% used [0x0000000080000000,0x00000000817747f8,0x0000000084300000)
 Metaspace       used 33708K, committed 34752K, reserved 1114112K
  class space    used 3354K, committed 3776K, reserved 1048576K
}
Event: 4.124 GC heap before
{Heap before GC invocations=27 (full 1):
 PSYoungGen      total 22016K, used 21339K [0x00000000d5580000, 0x00000000d6b80000, 0x0000000100000000)
  eden space 20992K, 99% used [0x00000000d5580000,0x00000000d69fed50,0x00000000d6a00000)
  from space 1024K, 34% used [0x00000000d6a00000,0x00000000d6a58000,0x00000000d6b00000)
  to   space 512K, 0% used [0x00000000d6b00000,0x00000000d6b00000,0x00000000d6b80000)
 ParOldGen       total 68608K, used 24017K [0x0000000080000000, 0x0000000084300000, 0x00000000d5580000)
  object space 68608K, 35% used [0x0000000080000000,0x00000000817747f8,0x0000000084300000)
 Metaspace       used 34233K, committed 35392K, reserved 1114112K
  class space    used 3435K, committed 3904K, reserved 1048576K
}
Event: 4.125 GC heap after
{Heap after GC invocations=27 (full 1):
 PSYoungGen      total 21504K, used 512K [0x00000000d5580000, 0x00000000d6c00000, 0x0000000100000000)
  eden space 20992K, 0% used [0x00000000d5580000,0x00000000d5580000,0x00000000d6a00000)
  from space 512K, 100% used [0x00000000d6b00000,0x00000000d6b80000,0x00000000d6b80000)
  to   space 1024K, 0% used [0x00000000d6a00000,0x00000000d6a00000,0x00000000d6b00000)
 ParOldGen       total 68608K, used 24145K [0x0000000080000000, 0x0000000084300000, 0x00000000d5580000)
  object space 68608K, 35% used [0x0000000080000000,0x00000000817947f8,0x0000000084300000)
 Metaspace       used 34233K, committed 35392K, reserved 1114112K
  class space    used 3435K, committed 3904K, reserved 1048576K
}
Event: 4.177 GC heap before
{Heap before GC invocations=28 (full 1):
 PSYoungGen      total 21504K, used 21504K [0x00000000d5580000, 0x00000000d6c00000, 0x0000000100000000)
  eden space 20992K, 100% used [0x00000000d5580000,0x00000000d6a00000,0x00000000d6a00000)
  from space 512K, 100% used [0x00000000d6b00000,0x00000000d6b80000,0x00000000d6b80000)
  to   space 1024K, 0% used [0x00000000d6a00000,0x00000000d6a00000,0x00000000d6b00000)
 ParOldGen       total 68608K, used 24145K [0x0000000080000000, 0x0000000084300000, 0x00000000d5580000)
  object space 68608K, 35% used [0x0000000080000000,0x00000000817947f8,0x0000000084300000)
 Metaspace       used 34593K, committed 35712K, reserved 1114112K
  class space    used 3479K, committed 3904K, reserved 1048576K
}
Event: 4.179 GC heap after
{Heap after GC invocations=28 (full 1):
 PSYoungGen      total 22016K, used 480K [0x00000000d5580000, 0x00000000d6b80000, 0x0000000100000000)
  eden space 20992K, 0% used [0x00000000d5580000,0x00000000d5580000,0x00000000d6a00000)
  from space 1024K, 46% used [0x00000000d6a00000,0x00000000d6a78000,0x00000000d6b00000)
  to   space 512K, 0% used [0x00000000d6b00000,0x00000000d6b00000,0x00000000d6b80000)
 ParOldGen       total 68608K, used 24314K [0x0000000080000000, 0x0000000084300000, 0x00000000d5580000)
  object space 68608K, 35% used [0x0000000080000000,0x00000000817be838,0x0000000084300000)
 Metaspace       used 34593K, committed 35712K, reserved 1114112K
  class space    used 3479K, committed 3904K, reserved 1048576K
}
Event: 4.215 GC heap before
{Heap before GC invocations=29 (full 1):
 PSYoungGen      total 22016K, used 17640K [0x00000000d5580000, 0x00000000d6b80000, 0x0000000100000000)
  eden space 20992K, 81% used [0x00000000d5580000,0x00000000d6642010,0x00000000d6a00000)
  from space 1024K, 46% used [0x00000000d6a00000,0x00000000d6a78000,0x00000000d6b00000)
  to   space 512K, 0% used [0x00000000d6b00000,0x00000000d6b00000,0x00000000d6b80000)
 ParOldGen       total 68608K, used 24314K [0x0000000080000000, 0x0000000084300000, 0x00000000d5580000)
  object space 68608K, 35% used [0x0000000080000000,0x00000000817be838,0x0000000084300000)
 Metaspace       used 34754K, committed 35840K, reserved 1114112K
  class space    used 3500K, committed 3968K, reserved 1048576K
}
Event: 4.216 GC heap after
{Heap after GC invocations=29 (full 1):
 PSYoungGen      total 20480K, used 512K [0x00000000d5580000, 0x00000000d6e00000, 0x0000000100000000)
  eden space 19968K, 0% used [0x00000000d5580000,0x00000000d5580000,0x00000000d6900000)
  from space 512K, 100% used [0x00000000d6b00000,0x00000000d6b80000,0x00000000d6b80000)
  to   space 2048K, 0% used [0x00000000d6900000,0x00000000d6900000,0x00000000d6b00000)
 ParOldGen       total 68608K, used 25194K [0x0000000080000000, 0x0000000084300000, 0x00000000d5580000)
  object space 68608K, 36% used [0x0000000080000000,0x000000008189a848,0x0000000084300000)
 Metaspace       used 34754K, committed 35840K, reserved 1114112K
  class space    used 3500K, committed 3968K, reserved 1048576K
}
Event: 4.216 GC heap before
{Heap before GC invocations=30 (full 2):
 PSYoungGen      total 20480K, used 512K [0x00000000d5580000, 0x00000000d6e00000, 0x0000000100000000)
  eden space 19968K, 0% used [0x00000000d5580000,0x00000000d5580000,0x00000000d6900000)
  from space 512K, 100% used [0x00000000d6b00000,0x00000000d6b80000,0x00000000d6b80000)
  to   space 2048K, 0% used [0x00000000d6900000,0x00000000d6900000,0x00000000d6b00000)
 ParOldGen       total 68608K, used 25194K [0x0000000080000000, 0x0000000084300000, 0x00000000d5580000)
  object space 68608K, 36% used [0x0000000080000000,0x000000008189a848,0x0000000084300000)
 Metaspace       used 34754K, committed 35840K, reserved 1114112K
  class space    used 3500K, committed 3968K, reserved 1048576K
}
Event: 4.248 GC heap after
{Heap after GC invocations=30 (full 2):
 PSYoungGen      total 20480K, used 0K [0x00000000d5580000, 0x00000000d6e00000, 0x0000000100000000)
  eden space 19968K, 0% used [0x00000000d5580000,0x00000000d5580000,0x00000000d6900000)
  from space 512K, 0% used [0x00000000d6b00000,0x00000000d6b00000,0x00000000d6b80000)
  to   space 2048K, 0% used [0x00000000d6900000,0x00000000d6900000,0x00000000d6b00000)
 ParOldGen       total 68608K, used 23530K [0x0000000080000000, 0x0000000084300000, 0x00000000d5580000)
  object space 68608K, 34% used [0x0000000080000000,0x00000000816fa918,0x0000000084300000)
 Metaspace       used 34753K, committed 35840K, reserved 1114112K
  class space    used 3499K, committed 3968K, reserved 1048576K
}

Dll operation events (10 events):
Event: 0.018 Loaded shared library c:\Users\Ali Alaa\.vscode\extensions\redhat.java-1.52.0-win32-x64\jre\21.0.9-win32-x86_64\bin\java.dll
Event: 0.096 Loaded shared library c:\Users\Ali Alaa\.vscode\extensions\redhat.java-1.52.0-win32-x64\jre\21.0.9-win32-x86_64\bin\zip.dll
Event: 0.117 Loaded shared library C:\Users\Ali Alaa\.vscode\extensions\redhat.java-1.52.0-win32-x64\jre\21.0.9-win32-x86_64\bin\instrument.dll
Event: 0.124 Loaded shared library C:\Users\Ali Alaa\.vscode\extensions\redhat.java-1.52.0-win32-x64\jre\21.0.9-win32-x86_64\bin\net.dll
Event: 0.126 Loaded shared library C:\Users\Ali Alaa\.vscode\extensions\redhat.java-1.52.0-win32-x64\jre\21.0.9-win32-x86_64\bin\nio.dll
Event: 0.128 Loaded shared library C:\Users\Ali Alaa\.vscode\extensions\redhat.java-1.52.0-win32-x64\jre\21.0.9-win32-x86_64\bin\zip.dll
Event: 0.144 Loaded shared library C:\Users\Ali Alaa\.vscode\extensions\redhat.java-1.52.0-win32-x64\jre\21.0.9-win32-x86_64\bin\jimage.dll
Event: 0.204 Loaded shared library c:\Users\Ali Alaa\.vscode\extensions\redhat.java-1.52.0-win32-x64\jre\21.0.9-win32-x86_64\bin\verify.dll
Event: 1.047 Loaded shared library C:\Users\Ali Alaa\AppData\Roaming\Code\User\globalStorage\redhat.java\1.52.0\config_win\org.eclipse.equinox.launcher\org.eclipse.equinox.launcher.win32.win32.x86_64_1.2.1500.v20260121-1430\eclipse_11919.dll
Event: 2.177 Loaded shared library C:\Users\Ali Alaa\AppData\Local\Temp\jna-1717328653\jna1436942995882991525.dll

Deoptimization events (20 events):
Event: 4.344 Thread 0x000001581f0d9450 DEOPT PACKING pc=0x00000157c3c1dd26 sp=0x0000000b05cfe050
Event: 4.344 Thread 0x000001581f0d9450 DEOPT UNPACKING pc=0x00000157ca4d4242 sp=0x0000000b05cfd548 mode 0
Event: 4.345 Thread 0x000001581f0d9450 DEOPT PACKING pc=0x00000157c3c1dd26 sp=0x0000000b05cfe050
Event: 4.345 Thread 0x000001581f0d9450 DEOPT UNPACKING pc=0x00000157ca4d4242 sp=0x0000000b05cfd548 mode 0
Event: 4.346 Thread 0x000001581f0d9450 DEOPT PACKING pc=0x00000157c3c1dd26 sp=0x0000000b05cfe060
Event: 4.346 Thread 0x000001581f0d9450 DEOPT UNPACKING pc=0x00000157ca4d4242 sp=0x0000000b05cfd550 mode 0
Event: 4.347 Thread 0x000001581f0d9450 DEOPT PACKING pc=0x00000157c3c1dd26 sp=0x0000000b05cfe060
Event: 4.347 Thread 0x000001581f0d9450 DEOPT UNPACKING pc=0x00000157ca4d4242 sp=0x0000000b05cfd550 mode 0
Event: 4.349 Thread 0x000001581f0d9450 DEOPT PACKING pc=0x00000157c3c1dd26 sp=0x0000000b05cfe060
Event: 4.349 Thread 0x000001581f0d9450 DEOPT UNPACKING pc=0x00000157ca4d4242 sp=0x0000000b05cfd550 mode 0
Event: 4.353 Thread 0x000001581f0d9450 DEOPT PACKING pc=0x00000157c3c1dd26 sp=0x0000000b05cfd610
Event: 4.353 Thread 0x000001581f0d9450 DEOPT UNPACKING pc=0x00000157ca4d4242 sp=0x0000000b05cfcb00 mode 0
Event: 4.353 Thread 0x000001581f0d9450 DEOPT PACKING pc=0x00000157c3c1dd26 sp=0x0000000b05cfd610
Event: 4.353 Thread 0x000001581f0d9450 DEOPT UNPACKING pc=0x00000157ca4d4242 sp=0x0000000b05cfcb00 mode 0
Event: 4.369 Thread 0x000001581f0d9450 Uncommon trap: trap_request=0xffffff45 fr.pc=0x00000157cad833c8 relative=0x0000000000001be8
Event: 4.369 Thread 0x000001581f0d9450 Uncommon trap: reason=unstable_if action=reinterpret pc=0x00000157cad833c8 method=sun.nio.fs.WindowsPathParser.nextNonSlash(Ljava/lang/String;II)I @ 2 c2
Event: 4.369 Thread 0x000001581f0d9450 DEOPT PACKING pc=0x00000157cad833c8 sp=0x0000000b05cfd0e0
Event: 4.369 Thread 0x000001581f0d9450 DEOPT UNPACKING pc=0x00000157ca4d3aa2 sp=0x0000000b05cfd070 mode 2
Event: 4.369 Thread 0x000001581f0d9450 DEOPT PACKING pc=0x00000157c3a20454 sp=0x0000000b05cfdf60
Event: 4.369 Thread 0x000001581f0d9450 DEOPT UNPACKING pc=0x00000157ca4d4242 sp=0x0000000b05cfd458 mode 0

Classes loaded (20 events):
Event: 4.335 Loading class sun/reflect/generics/tree/Wildcard
Event: 4.335 Loading class sun/reflect/generics/tree/Wildcard done
Event: 4.335 Loading class sun/reflect/generics/reflectiveObjects/WildcardTypeImpl
Event: 4.336 Loading class sun/reflect/generics/reflectiveObjects/WildcardTypeImpl done
Event: 4.338 Loading class sun/reflect/annotation/TypeAnnotationParser
Event: 4.339 Loading class sun/reflect/annotation/TypeAnnotationParser done
Event: 4.339 Loading class sun/reflect/annotation/TypeAnnotation
Event: 4.339 Loading class sun/reflect/annotation/TypeAnnotation done
Event: 4.339 Loading class sun/reflect/annotation/TypeAnnotation$TypeAnnotationTarget
Event: 4.339 Loading class sun/reflect/annotation/TypeAnnotation$TypeAnnotationTarget done
Event: 4.340 Loading class sun/reflect/annotation/TypeAnnotation$LocationInfo
Event: 4.340 Loading class sun/reflect/annotation/TypeAnnotation$LocationInfo done
Event: 4.340 Loading class sun/reflect/annotation/TypeAnnotation$LocationInfo$Location
Event: 4.341 Loading class sun/reflect/annotation/TypeAnnotation$LocationInfo$Location done
Event: 4.341 Loading class sun/reflect/annotation/AnnotatedTypeFactory
Event: 4.341 Loading class sun/reflect/annotation/AnnotatedTypeFactory done
Event: 4.341 Loading class sun/reflect/annotation/AnnotatedTypeFactory$AnnotatedTypeBaseImpl
Event: 4.342 Loading class sun/reflect/annotation/AnnotatedTypeFactory$AnnotatedTypeBaseImpl done
Event: 4.393 Loading class sun/nio/fs/WindowsException
Event: 4.393 Loading class sun/nio/fs/WindowsException done

Classes unloaded (8 events):
Event: 2.663 Thread 0x00000157bfed0c20 Unloading class 0x00000157d81a3000 'java/lang/invoke/LambdaForm$MH+0x00000157d81a3000'
Event: 2.663 Thread 0x00000157bfed0c20 Unloading class 0x00000157d81a2c00 'java/lang/invoke/LambdaForm$MH+0x00000157d81a2c00'
Event: 2.663 Thread 0x00000157bfed0c20 Unloading class 0x00000157d81a2800 'java/lang/invoke/LambdaForm$MH+0x00000157d81a2800'
Event: 2.663 Thread 0x00000157bfed0c20 Unloading class 0x00000157d81a2400 'java/lang/invoke/LambdaForm$MH+0x00000157d81a2400'
Event: 2.663 Thread 0x00000157bfed0c20 Unloading class 0x00000157d81a2000 'java/lang/invoke/LambdaForm$BMH+0x00000157d81a2000'
Event: 2.663 Thread 0x00000157bfed0c20 Unloading class 0x00000157d81a1c00 'java/lang/invoke/LambdaForm$DMH+0x00000157d81a1c00'
Event: 2.663 Thread 0x00000157bfed0c20 Unloading class 0x00000157d81a0800 'java/lang/invoke/LambdaForm$DMH+0x00000157d81a0800'
Event: 4.222 Thread 0x00000157bfed0c20 Unloading class 0x00000157d8336400 'java/lang/invoke/LambdaForm$MH+0x00000157d8336400'

Classes redefined (0 events):
No events

Internal exceptions (20 events):
Event: 3.772 Thread 0x000001581f0d6cf0 Exception <a 'java/lang/NoSuchMethodError'{0x00000000d5617bb8}: 'int java.lang.invoke.Invokers$Holder.linkToTargetMethod(java.lang.Object, java.lang.Object)'> (0x00000000d5617bb8) 
thrown [s\src\hotspot\share\interpreter\linkResolver.cpp, line 773]
Event: 3.774 Thread 0x000001581f0d6cf0 Exception <a 'java/lang/NoSuchMethodError'{0x00000000d617d610}: 'int java.lang.invoke.DirectMethodHandle$Holder.invokeSpecial(java.lang.Object, java.lang.Object, java.lang.Object, java.lang.Object)'> (0x00000000d617d610) 
thrown [s\src\hotspot\share\interpreter\linkResolver.cpp, line 773]
Event: 3.777 Thread 0x000001581f0d6cf0 Exception <a 'java/lang/NoSuchMethodError'{0x00000000d625db28}: 'java.lang.Object java.lang.invoke.DirectMethodHandle$Holder.invokeStatic(java.lang.Object, int, java.lang.Object, java.lang.Object)'> (0x00000000d625db28) 
thrown [s\src\hotspot\share\interpreter\linkResolver.cpp, line 773]
Event: 3.777 Thread 0x000001581f0d6cf0 Exception <a 'java/lang/NoSuchMethodError'{0x00000000d62ba2c0}: 'java.lang.Object java.lang.invoke.DelegatingMethodHandle$Holder.delegate(java.lang.Object, int, java.lang.Object, java.lang.Object)'> (0x00000000d62ba2c0) 
thrown [s\src\hotspot\share\interpreter\linkResolver.cpp, line 773]
Event: 3.781 Thread 0x000001581f0d6cf0 Exception <a 'java/lang/NoSuchMethodError'{0x00000000d63a2f10}: 'int java.lang.invoke.Invokers$Holder.linkToTargetMethod(java.lang.Object, java.lang.Object, java.lang.Object)'> (0x00000000d63a2f10) 
thrown [s\src\hotspot\share\interpreter\linkResolver.cpp, line 773]
Event: 3.782 Thread 0x000001581f0d80a0 Exception <a 'java/io/FileNotFoundException'{0x00000000d6337890}> (0x00000000d6337890) 
thrown [s\src\hotspot\share\prims\jni.cpp, line 520]
Event: 3.798 Thread 0x000001581f0d80a0 Exception <a 'java/lang/UnsatisfiedLinkError'{0x00000000d6551e30}: The specified procedure could not be found.
> (0x00000000d6551e30) 
thrown [s\src\hotspot\share\prims\jni.cpp, line 539]
Event: 3.872 Thread 0x000001581f0d5fd0 Exception <a 'java/lang/NoSuchMethodError'{0x00000000d5b13e20}: 'java.lang.Object java.lang.invoke.DirectMethodHandle$Holder.invokeSpecialIFC(java.lang.Object, java.lang.Object, java.lang.Object, java.lang.Object)'> (0x00000000d5b13e20) 
thrown [s\src\hotspot\share\interpreter\linkResolver.cpp, line 773]
Event: 3.910 Thread 0x000001581f0d7a10 Exception <a 'java/lang/NoSuchMethodError'{0x00000000d64ed390}: 'void java.lang.invoke.DirectMethodHandle$Holder.invokeStaticInit(java.lang.Object, java.lang.Object, java.lang.Object, java.lang.Object)'> (0x00000000d64ed390) 
thrown [s\src\hotspot\share\interpreter\linkResolver.cpp, line 773]
Event: 3.980 Thread 0x00000157bfe2ea90 Exception <a 'java/lang/NoSuchMethodError'{0x00000000d592f2e8}: 'java.lang.Object java.lang.invoke.DirectMethodHandle$Holder.invokeStatic(java.lang.Object, long, java.lang.Object)'> (0x00000000d592f2e8) 
thrown [s\src\hotspot\share\interpreter\linkResolver.cpp, line 773]
Event: 3.982 Thread 0x00000157bfe2ea90 Exception <a 'java/lang/NoSuchMethodError'{0x00000000d5932950}: 'java.lang.Object java.lang.invoke.DirectMethodHandle$Holder.invokeStaticInit(java.lang.Object, long, java.lang.Object)'> (0x00000000d5932950) 
thrown [s\src\hotspot\share\interpreter\linkResolver.cpp, line 773]
Event: 3.985 Thread 0x00000157bfe2ea90 Exception <a 'java/lang/NoSuchMethodError'{0x00000000d5938010}: 'java.lang.Object java.lang.invoke.DirectMethodHandle$Holder.newInvokeSpecial(java.lang.Object, long)'> (0x00000000d5938010) 
thrown [s\src\hotspot\share\interpreter\linkResolver.cpp, line 773]
Event: 4.086 Thread 0x000001581f0da170 Exception <a 'java/io/FileNotFoundException'{0x00000000d59d7458}> (0x00000000d59d7458) 
thrown [s\src\hotspot\share\prims\jni.cpp, line 520]
Event: 4.138 Thread 0x000001581f0d7380 Implicit null exception at 0x00000157caedd62e to 0x00000157caeddcd8
Event: 4.394 Thread 0x000001581f0d9450 Exception <a 'sun/nio/fs/WindowsException'{0x00000000d5e75908}> (0x00000000d5e75908) 
thrown [s\src\hotspot\share\prims\jni.cpp, line 520]
Event: 4.394 Thread 0x000001581f0d9450 Exception <a 'sun/nio/fs/WindowsException'{0x00000000d5e76450}> (0x00000000d5e76450) 
thrown [s\src\hotspot\share\prims\jni.cpp, line 520]
Event: 4.394 Thread 0x000001581f0d9450 Exception <a 'sun/nio/fs/WindowsException'{0x00000000d5e77578}> (0x00000000d5e77578) 
thrown [s\src\hotspot\share\prims\jni.cpp, line 520]
Event: 4.394 Thread 0x000001581f0d9450 Exception <a 'sun/nio/fs/WindowsException'{0x00000000d5e780a8}> (0x00000000d5e780a8) 
thrown [s\src\hotspot\share\prims\jni.cpp, line 520]
Event: 4.400 Thread 0x000001581f0d9450 Exception <a 'sun/nio/fs/WindowsException'{0x00000000d5f27f78}> (0x00000000d5f27f78) 
thrown [s\src\hotspot\share\prims\jni.cpp, line 520]
Event: 4.400 Thread 0x000001581f0d9450 Exception <a 'sun/nio/fs/WindowsException'{0x00000000d5f28aa8}> (0x00000000d5f28aa8) 
thrown [s\src\hotspot\share\prims\jni.cpp, line 520]

ZGC Phase Switch (0 events):
No events

VM Operations (20 events):
Event: 3.916 Executing VM operation: ParallelGCFailedAllocation (Allocation Failure)
Event: 3.920 Executing VM operation: ParallelGCFailedAllocation (Allocation Failure) done
Event: 3.956 Executing VM operation: ParallelGCFailedAllocation (Allocation Failure)
Event: 3.960 Executing VM operation: ParallelGCFailedAllocation (Allocation Failure) done
Event: 4.009 Executing VM operation: HandshakeAllThreads (Deoptimize)
Event: 4.014 Executing VM operation: HandshakeAllThreads (Deoptimize) done
Event: 4.017 Executing VM operation: ParallelGCFailedAllocation (Allocation Failure)
Event: 4.021 Executing VM operation: ParallelGCFailedAllocation (Allocation Failure) done
Event: 4.072 Executing VM operation: ParallelGCFailedAllocation (Allocation Failure)
Event: 4.074 Executing VM operation: ParallelGCFailedAllocation (Allocation Failure) done
Event: 4.122 Executing VM operation: ParallelGCFailedAllocation (Allocation Failure)
Event: 4.125 Executing VM operation: ParallelGCFailedAllocation (Allocation Failure) done
Event: 4.175 Executing VM operation: ParallelGCFailedAllocation (Allocation Failure)
Event: 4.179 Executing VM operation: ParallelGCFailedAllocation (Allocation Failure) done
Event: 4.215 Executing VM operation: CollectForMetadataAllocation (Metadata GC Threshold)
Event: 4.248 Executing VM operation: CollectForMetadataAllocation (Metadata GC Threshold) done
Event: 4.365 Executing VM operation: HandshakeAllThreads (Deoptimize)
Event: 4.365 Executing VM operation: HandshakeAllThreads (Deoptimize) done
Event: 5.365 Executing VM operation: Cleanup
Event: 5.428 Executing VM operation: Cleanup done

Memory protections (0 events):
No events

Nmethod flushes (20 events):
Event: 4.231 Thread 0x00000157bfed0c20 flushing  nmethod 0x00000157c3763f10
Event: 4.231 Thread 0x00000157bfed0c20 flushing  nmethod 0x00000157c3772710
Event: 4.231 Thread 0x00000157bfed0c20 flushing  nmethod 0x00000157c3795c10
Event: 4.231 Thread 0x00000157bfed0c20 flushing  nmethod 0x00000157c37a7410
Event: 4.231 Thread 0x00000157bfed0c20 flushing  nmethod 0x00000157c37dbd90
Event: 4.231 Thread 0x00000157bfed0c20 flushing  nmethod 0x00000157c37dc190
Event: 4.231 Thread 0x00000157bfed0c20 flushing  nmethod 0x00000157c37dca90
Event: 4.231 Thread 0x00000157bfed0c20 flushing  nmethod 0x00000157c37ddc90
Event: 4.231 Thread 0x00000157bfed0c20 flushing  nmethod 0x00000157c37de490
Event: 4.231 Thread 0x00000157bfed0c20 flushing  nmethod 0x00000157c37e0190
Event: 4.231 Thread 0x00000157bfed0c20 flushing  nmethod 0x00000157c37e0a90
Event: 4.231 Thread 0x00000157bfed0c20 flushing  nmethod 0x00000157c37e0f90
Event: 4.231 Thread 0x00000157bfed0c20 flushing  nmethod 0x00000157c37e2390
Event: 4.231 Thread 0x00000157bfed0c20 flushing  nmethod 0x00000157c37e3e10
Event: 4.231 Thread 0x00000157bfed0c20 flushing  nmethod 0x00000157c37e6790
Event: 4.231 Thread 0x00000157bfed0c20 flushing  nmethod 0x00000157c3829b90
Event: 4.231 Thread 0x00000157bfed0c20 flushing  nmethod 0x00000157c382a690
Event: 4.231 Thread 0x00000157bfed0c20 flushing  nmethod 0x00000157c384b310
Event: 4.231 Thread 0x00000157bfed0c20 flushing  nmethod 0x00000157c3850910
Event: 4.231 Thread 0x00000157bfed0c20 flushing  nmethod 0x00000157c385c810

Events (20 events):
Event: 3.878 Thread 0x000001581f0d7a10 Thread added: 0x000001581f0d7380
Event: 3.944 Thread 0x000001581f0d7380 Thread added: 0x000001581f0dcf60
Event: 4.005 Thread 0x00000157bfe2ea90 Thread added: 0x000001581f0dae90
Event: 4.006 Thread 0x00000157bfe2ea90 Thread added: 0x000001581f0db520
Event: 4.007 Thread 0x00000157bfe2ea90 Thread added: 0x000001581f0dbbb0
Event: 4.007 Thread 0x00000157bfe2ea90 Thread added: 0x000001581f0dc240
Event: 4.007 Thread 0x00000157bfe2ea90 Thread added: 0x000001581f0dc8d0
Event: 4.008 Thread 0x00000157bfe2ea90 Thread added: 0x00000158230f6190
Event: 4.008 Thread 0x00000157bfe2ea90 Thread added: 0x00000158230f3a30
Event: 4.009 Thread 0x00000157bfe2ea90 Thread added: 0x00000158230f4750
Event: 4.009 Thread 0x00000157bfe2ea90 Thread added: 0x00000158230f2d10
Event: 4.009 Thread 0x00000157bfe2ea90 Thread added: 0x00000158230f6820
Event: 4.010 Thread 0x00000157bfe2ea90 Thread added: 0x00000158230f40c0
Event: 4.010 Thread 0x00000157bfe2ea90 Thread added: 0x00000158230f5b00
Event: 4.010 Thread 0x00000157bfe2ea90 Thread added: 0x00000158230f33a0
Event: 4.010 Thread 0x00000157bfe2ea90 Thread added: 0x00000158230f7bd0
Event: 4.011 Thread 0x00000157bfe2ea90 Thread added: 0x00000158230f7540
Event: 4.011 Thread 0x00000157bfe2ea90 Thread added: 0x00000158230f6eb0
Event: 4.011 Thread 0x00000157bfe2ea90 Thread added: 0x00000158230f8260
Event: 4.035 Thread 0x00000157bfe2ea90 Thread added: 0x00000158230f4de0


Dynamic libraries:
0x00007ff6b1e00000 - 0x00007ff6b1e0e000 	c:\Users\Ali Alaa\.vscode\extensions\redhat.java-1.52.0-win32-x64\jre\21.0.9-win32-x86_64\bin\java.exe
0x00007ffbfd8c0000 - 0x00007ffbfdb28000 	C:\Windows\SYSTEM32\ntdll.dll
0x00007ffbfcf20000 - 0x00007ffbfcfe9000 	C:\Windows\System32\KERNEL32.DLL
0x00007ffbfa4d0000 - 0x00007ffbfa8c1000 	C:\Windows\System32\KERNELBASE.dll
0x00007ffbfb2c0000 - 0x00007ffbfb40b000 	C:\Windows\System32\ucrtbase.dll
0x00007ffbd4350000 - 0x00007ffbd436e000 	c:\Users\Ali Alaa\.vscode\extensions\redhat.java-1.52.0-win32-x64\jre\21.0.9-win32-x86_64\bin\VCRUNTIME140.dll
0x00007ffb62e80000 - 0x00007ffb62e98000 	c:\Users\Ali Alaa\.vscode\extensions\redhat.java-1.52.0-win32-x64\jre\21.0.9-win32-x86_64\bin\jli.dll
0x00007ffbfd190000 - 0x00007ffbfd356000 	C:\Windows\System32\USER32.dll
0x00007ffbfb630000 - 0x00007ffbfb657000 	C:\Windows\System32\win32u.dll
0x00007ffbf93a0000 - 0x00007ffbf9633000 	C:\Windows\WinSxS\amd64_microsoft.windows.common-controls_6595b64144ccf1df_6.0.26100.7824_none_3e0870b2e3345462\COMCTL32.dll
0x00007ffbfd750000 - 0x00007ffbfd7f9000 	C:\Windows\System32\msvcrt.dll
0x00007ffbfd6b0000 - 0x00007ffbfd6db000 	C:\Windows\System32\GDI32.dll
0x00007ffbfa310000 - 0x00007ffbfa43b000 	C:\Windows\System32\gdi32full.dll
0x00007ffbfb580000 - 0x00007ffbfb623000 	C:\Windows\System32\msvcp_win.dll
0x00007ffbfcb90000 - 0x00007ffbfcbc1000 	C:\Windows\System32\IMM32.DLL
0x00007ffbdc1f0000 - 0x00007ffbdc1fc000 	c:\Users\Ali Alaa\.vscode\extensions\redhat.java-1.52.0-win32-x64\jre\21.0.9-win32-x86_64\bin\vcruntime140_1.dll
0x00007ffb62df0000 - 0x00007ffb62e7d000 	c:\Users\Ali Alaa\.vscode\extensions\redhat.java-1.52.0-win32-x64\jre\21.0.9-win32-x86_64\bin\msvcp140.dll
0x00007ffb3e900000 - 0x00007ffb3f6a0000 	c:\Users\Ali Alaa\.vscode\extensions\redhat.java-1.52.0-win32-x64\jre\21.0.9-win32-x86_64\bin\server\jvm.dll
0x00007ffbfce60000 - 0x00007ffbfcf14000 	C:\Windows\System32\ADVAPI32.dll
0x00007ffbfd360000 - 0x00007ffbfd406000 	C:\Windows\System32\sechost.dll
0x00007ffbfb660000 - 0x00007ffbfb778000 	C:\Windows\System32\RPCRT4.dll
0x00007ffbfb970000 - 0x00007ffbfb9e4000 	C:\Windows\System32\WS2_32.dll
0x00007ffbfa000000 - 0x00007ffbfa05e000 	C:\Windows\SYSTEM32\POWRPROF.dll
0x00007ffbf52d0000 - 0x00007ffbf52db000 	C:\Windows\SYSTEM32\VERSION.dll
0x00007ffbe6190000 - 0x00007ffbe61c5000 	C:\Windows\SYSTEM32\WINMM.dll
0x00007ffbf9fe0000 - 0x00007ffbf9ff4000 	C:\Windows\SYSTEM32\UMPDC.dll
0x00007ffbf85d0000 - 0x00007ffbf85eb000 	C:\Windows\SYSTEM32\kernel.appcore.dll
0x00007ffbae480000 - 0x00007ffbae48a000 	c:\Users\Ali Alaa\.vscode\extensions\redhat.java-1.52.0-win32-x64\jre\21.0.9-win32-x86_64\bin\jimage.dll
0x00007ffbf9950000 - 0x00007ffbf9b92000 	C:\Windows\SYSTEM32\DBGHELP.DLL
0x00007ffbfbc10000 - 0x00007ffbfbf96000 	C:\Windows\System32\combase.dll
0x00007ffbfd070000 - 0x00007ffbfd147000 	C:\Windows\System32\OLEAUT32.dll
0x00007ffbf9840000 - 0x00007ffbf987b000 	C:\Windows\SYSTEM32\dbgcore.DLL
0x00007ffbfb4d0000 - 0x00007ffbfb575000 	C:\Windows\System32\bcryptPrimitives.dll
0x00007ffbd8550000 - 0x00007ffbd855f000 	c:\Users\Ali Alaa\.vscode\extensions\redhat.java-1.52.0-win32-x64\jre\21.0.9-win32-x86_64\bin\instrument.dll
0x00007ffb62dd0000 - 0x00007ffb62df0000 	c:\Users\Ali Alaa\.vscode\extensions\redhat.java-1.52.0-win32-x64\jre\21.0.9-win32-x86_64\bin\java.dll
0x00007ffbfc430000 - 0x00007ffbfcb82000 	C:\Windows\System32\SHELL32.dll
0x00007ffbfa1a0000 - 0x00007ffbfa30a000 	C:\Windows\System32\wintypes.dll
0x00007ffbfaa50000 - 0x00007ffbfb2b3000 	C:\Windows\System32\windows.storage.dll
0x00007ffbfcd60000 - 0x00007ffbfce56000 	C:\Windows\System32\SHCORE.dll
0x00007ffbfba00000 - 0x00007ffbfba67000 	C:\Windows\System32\shlwapi.dll
0x00007ffbfa0c0000 - 0x00007ffbfa0e9000 	C:\Windows\SYSTEM32\profapi.dll
0x00007ffb623e0000 - 0x00007ffb623f8000 	c:\Users\Ali Alaa\.vscode\extensions\redhat.java-1.52.0-win32-x64\jre\21.0.9-win32-x86_64\bin\zip.dll
0x00007ffb79730000 - 0x00007ffb79740000 	C:\Users\Ali Alaa\.vscode\extensions\redhat.java-1.52.0-win32-x64\jre\21.0.9-win32-x86_64\bin\net.dll
0x00007ffbea900000 - 0x00007ffbeaa27000 	C:\Windows\SYSTEM32\WINHTTP.dll
0x00007ffbf8ae0000 - 0x00007ffbf8b4b000 	C:\Windows\system32\mswsock.dll
0x00007ffb62d50000 - 0x00007ffb62d66000 	C:\Users\Ali Alaa\.vscode\extensions\redhat.java-1.52.0-win32-x64\jre\21.0.9-win32-x86_64\bin\nio.dll
0x00007ffb76fc0000 - 0x00007ffb76fd0000 	c:\Users\Ali Alaa\.vscode\extensions\redhat.java-1.52.0-win32-x64\jre\21.0.9-win32-x86_64\bin\verify.dll
0x00007ffbbd620000 - 0x00007ffbbd665000 	C:\Users\Ali Alaa\AppData\Roaming\Code\User\globalStorage\redhat.java\1.52.0\config_win\org.eclipse.equinox.launcher\org.eclipse.equinox.launcher.win32.win32.x86_64_1.2.1500.v20260121-1430\eclipse_11919.dll
0x00007ffbfba70000 - 0x00007ffbfbc07000 	C:\Windows\System32\ole32.dll
0x00007ffbf9cc0000 - 0x00007ffbf9cdb000 	C:\Windows\SYSTEM32\CRYPTSP.dll
0x00007ffbf8fa0000 - 0x00007ffbf8fd9000 	C:\Windows\system32\rsaenh.dll
0x00007ffbf8b50000 - 0x00007ffbf8b7b000 	C:\Windows\SYSTEM32\USERENV.dll
0x00007ffbfa090000 - 0x00007ffbfa0ba000 	C:\Windows\SYSTEM32\bcrypt.dll
0x00007ffbf8f90000 - 0x00007ffbf8f9c000 	C:\Windows\SYSTEM32\CRYPTBASE.dll
0x00007ffbf80c0000 - 0x00007ffbf80f4000 	C:\Windows\SYSTEM32\IPHLPAPI.DLL
0x00007ffbfd180000 - 0x00007ffbfd18a000 	C:\Windows\System32\NSI.dll
0x00007ffbbd3d0000 - 0x00007ffbbd419000 	C:\Users\Ali Alaa\AppData\Local\Temp\jna-1717328653\jna1436942995882991525.dll
0x00007ffbfd800000 - 0x00007ffbfd808000 	C:\Windows\System32\PSAPI.DLL
0x00007ffbf3440000 - 0x00007ffbf345e000 	C:\Windows\SYSTEM32\dhcpcsvc6.DLL
0x00007ffbf3250000 - 0x00007ffbf3273000 	C:\Windows\SYSTEM32\dhcpcsvc.DLL

JVMTI agents:
c:\Users\Ali Alaa\.vscode\extensions\redhat.java-1.52.0-win32-x64\lombok\lombok-1.18.39-4050.jar path:c:\Users\Ali Alaa\.vscode\extensions\redhat.java-1.52.0-win32-x64\jre\21.0.9-win32-x86_64\bin\instrument.dll, loaded, initialized, instrumentlib options:none

dbghelp: loaded successfully - version: 4.0.5 - missing functions: none
symbol engine: initialized successfully - sym options: 0x614 - pdb path: .;c:\Users\Ali Alaa\.vscode\extensions\redhat.java-1.52.0-win32-x64\jre\21.0.9-win32-x86_64\bin;C:\Windows\SYSTEM32;C:\Windows\WinSxS\amd64_microsoft.windows.common-controls_6595b64144ccf1df_6.0.26100.7824_none_3e0870b2e3345462;c:\Users\Ali Alaa\.vscode\extensions\redhat.java-1.52.0-win32-x64\jre\21.0.9-win32-x86_64\bin\server;C:\Users\Ali Alaa\AppData\Roaming\Code\User\globalStorage\redhat.java\1.52.0\config_win\org.eclipse.equinox.launcher\org.eclipse.equinox.launcher.win32.win32.x86_64_1.2.1500.v20260121-1430;C:\Users\Ali Alaa\AppData\Local\Temp\jna-1717328653

VM Arguments:
jvm_args: --add-modules=ALL-SYSTEM --add-opens=java.base/java.util=ALL-UNNAMED --add-opens=java.base/java.lang=ALL-UNNAMED --add-opens=java.base/sun.nio.fs=ALL-UNNAMED -Declipse.application=org.eclipse.jdt.ls.core.id1 -Dosgi.bundles.defaultStartLevel=4 -Declipse.product=org.eclipse.jdt.ls.core.product -Djava.import.generatesMetadataFilesAtProjectRoot=false -DDetectVMInstallationsJob.disabled=true -Dfile.encoding=utf8 -XX:+UseParallelGC -XX:GCTimeRatio=4 -XX:AdaptiveSizePolicyWeight=90 -Dsun.zip.disableMemoryMapping=true -Xmx2G -Xms100m -Xlog:disable -javaagent:c:\Users\Ali Alaa\.vscode\extensions\redhat.java-1.52.0-win32-x64\lombok\lombok-1.18.39-4050.jar -XX:+HeapDumpOnOutOfMemoryError -XX:HeapDumpPath=c:\Users\Ali Alaa\AppData\Roaming\Code\User\workspaceStorage\dd24bddf2526729cf2f73ba34f565b34\redhat.java -Daether.dependencyCollector.impl=bf 
java_command: c:\Users\Ali Alaa\.vscode\extensions\redhat.java-1.52.0-win32-x64\server\plugins\org.eclipse.equinox.launcher_1.7.100.v20251111-0406.jar -configuration c:\Users\Ali Alaa\AppData\Roaming\Code\User\globalStorage\redhat.java\1.52.0\config_win -data c:\Users\Ali Alaa\AppData\Roaming\Code\User\workspaceStorage\dd24bddf2526729cf2f73ba34f565b34\redhat.java\jdt_ws --pipe=\\.\pipe\lsp-6749ead74885c85f72a309fbcfeb3025-sock
java_class_path (initial): c:\Users\Ali Alaa\.vscode\extensions\redhat.java-1.52.0-win32-x64\server\plugins\org.eclipse.equinox.launcher_1.7.100.v20251111-0406.jar
Launcher Type: SUN_STANDARD

[Global flags]
    uintx AdaptiveSizePolicyWeight                 = 90                                        {product} {command line}
     intx CICompilerCount                          = 12                                        {product} {ergonomic}
    uintx GCTimeRatio                              = 4                                         {product} {command line}
     bool HeapDumpOnOutOfMemoryError               = true                                   {manageable} {command line}
    ccstr HeapDumpPath                             = c:\Users\Ali Alaa\AppData\Roaming\Code\User\workspaceStorage\dd24bddf2526729cf2f73ba34f565b34\redhat.java         {manageable} {command line}
   size_t InitialHeapSize                          = 104857600                                 {product} {command line}
   size_t MaxHeapSize                              = 2147483648                                {product} {command line}
   size_t MaxNewSize                               = 715653120                                 {product} {ergonomic}
   size_t MinHeapDeltaBytes                        = 524288                                    {product} {ergonomic}
   size_t MinHeapSize                              = 104857600                                 {product} {command line}
   size_t NewSize                                  = 34603008                                  {product} {ergonomic}
    uintx NonNMethodCodeHeapSize                   = 7602480                                {pd product} {ergonomic}
    uintx NonProfiledCodeHeapSize                  = 122027880                              {pd product} {ergonomic}
   size_t OldSize                                  = 70254592                                  {product} {ergonomic}
    uintx ProfiledCodeHeapSize                     = 122027880                              {pd product} {ergonomic}
    uintx ReservedCodeCacheSize                    = 251658240                              {pd product} {ergonomic}
     bool SegmentedCodeCache                       = true                                      {product} {ergonomic}
   size_t SoftMaxHeapSize                          = 2147483648                             {manageable} {ergonomic}
     bool UseCompressedOops                        = true                           {product lp64_product} {ergonomic}
     bool UseLargePagesIndividualAllocation        = false                                  {pd product} {ergonomic}
     bool UseParallelGC                            = true                                      {product} {command line}

Logging:
Log output configuration:
 #0: stdout all=off uptime,level,tags foldmultilines=false
 #1: stderr all=off uptime,level,tags foldmultilines=false

Release file:
JAVA_VERSION="21.0.9" 
MODULES="java.base java.compiler java.datatransfer java.xml java.prefs java.desktop java.instrument java.logging java.management java.security.sasl java.naming java.rmi java.management.rmi java.net.http java.scripting java.security.jgss java.transaction.xa java.sql java.sql.rowset java.xml.crypto java.se java.smartcardio jdk.accessibility jdk.internal.jvmstat jdk.attach jdk.charsets jdk.internal.opt jdk.zipfs jdk.compiler jdk.crypto.ec jdk.crypto.cryptoki jdk.crypto.mscapi jdk.dynalink jdk.internal.ed jdk.editpad jdk.hotspot.agent jdk.httpserver jdk.internal.le jdk.internal.vm.ci jdk.internal.vm.compiler jdk.internal.vm.compiler.management jdk.jartool jdk.javadoc jdk.jcmd jdk.management jdk.management.agent jdk.jconsole jdk.jdeps jdk.jdwp.agent jdk.jdi jdk.jfr jdk.jshell jdk.jsobject jdk.jstatd jdk.localedata jdk.management.jfr jdk.naming.dns jdk.naming.rmi jdk.net jdk.nio.mapmode jdk.random jdk.sctp jdk.security.auth jdk.security.jgss jdk.unsupported jdk.unsupported.desktop jdk.xml.dom" 

Environment Variables:
JAVA_HOME=C:\Program Files\Microsoft\jdk-17.0.18.8-hotspot\
PATH=C:\Program Files\Microsoft\jdk-17.0.18.8-hotspot\bin;C:\Program Files\Microsoft\jdk-25.0.2.10-hotspot\bin;C:\Program Files\Python313\Scripts\;C:\Program Files\Python313\;C:\Program Files\Eclipse Adoptium\jdk-21.0.6.7-hotspot\bin;C:\Windows\system32;C:\Windows;C:\Windows\System32\Wbem;C:\Windows\System32\WindowsPowerShell\v1.0\;C:\Windows\System32\OpenSSH\;C:\Program Files\Git\cmd;C:\Program Files\nodejs\;C:\Program Files\NVIDIA Corporation\NVIDIA App\NvDLISR;C:\Program Files (x86)\NVIDIA Corporation\PhysX\Common;C:\Users\Ali Alaa\AppData\Roaming\Python\Python313\Scripts;C:\intelFPGA\20.1\modelsim_ase\win32aloem;C:\xampp\php;C:\ProgramData\ComposerSetup\bin;C:\Program Files\Microsoft\jdk-17.0.18.8-hotspot\\bin;D:\Unity\Hub\Editor\2022.3.62f3-x86_64\Editor\Data\PlaybackEngines\AndroidPlayer\SDK\platform-tools;C:\Users\Ali Alaa;C:\Users\Ali Alaa\AppData\Local\Programs\Python\Python311\;C:\Users\Ali Alaa\AppData\Local\Microsoft\WindowsApps;C:\Users\Ali Alaa\AppData\Local\Programs\Microsoft VS Code\bin;C:\Users\Ali Alaa\AppData\Roaming\npm;C:\Program Files\JetBrains\IntelliJ IDEA 2024.3.5\bin;;C:\Program Files\JetBrains\PyCharm 2025.1\bin;;C:\Users\Ali Alaa\AppData\Roaming\Python\Python313\Scripts;C:\MinGW\bin;D:\intelFPGA_lite\24.1std\questa_fse\win64;C:\intelFPGA\20.1\modelsim_ase\win32aloem;C:\Users\Ali Alaa\AppData\Local\Programs\Antigravity\bin;C:\intelFPGA\20.1\modelsim_ase\win32aloem;C:\xampp\php;C:\Users\Ali Alaa\AppData\Roaming\Composer\vendor\bin
USERNAME=Ali Alaa
OS=Windows_NT
PROCESSOR_IDENTIFIER=Intel64 Family 6 Model 154 Stepping 3, GenuineIntel
TMP=C:\Users\ALIALA~1\AppData\Local\Temp
TEMP=C:\Users\ALIALA~1\AppData\Local\Temp




Periodic native trim disabled

---------------  S Y S T E M  ---------------

OS:
 Windows 11 , 64 bit Build 26100 (10.0.26100.7705)
OS uptime: 0 days 4:54 hours
Hyper-V role detected

CPU: total 16 (initial active 16) (8 cores per cpu, 2 threads per core) family 6 model 154 stepping 3 microcode 0x419, cx8, cmov, fxsr, ht, mmx, 3dnowpref, sse, sse2, sse3, ssse3, sse4.1, sse4.2, popcnt, lzcnt, tsc, tscinvbit, avx, avx2, aes, erms, clmul, bmi1, bmi2, adx, sha, fma, vzeroupper, clflush, clflushopt, clwb, hv, serialize, rdtscp, rdpid, fsrm, f16c, cet_ibt, cet_ss
Processor Information for processor 0
  Max Mhz: 2100, Current Mhz: 2100, Mhz Limit: 2100
Processor Information for processor 1
  Max Mhz: 2100, Current Mhz: 2100, Mhz Limit: 2100
Processor Information for processor 2
  Max Mhz: 2100, Current Mhz: 2100, Mhz Limit: 2100
Processor Information for processor 3
  Max Mhz: 2100, Current Mhz: 2100, Mhz Limit: 2100
Processor Information for processor 4
  Max Mhz: 2100, Current Mhz: 2100, Mhz Limit: 2100
Processor Information for processor 5
  Max Mhz: 2100, Current Mhz: 2100, Mhz Limit: 2100
Processor Information for processor 6
  Max Mhz: 2100, Current Mhz: 2100, Mhz Limit: 2100
Processor Information for processor 7
  Max Mhz: 2100, Current Mhz: 2100, Mhz Limit: 2100
Processor Information for processor 8
  Max Mhz: 2100, Current Mhz: 1500, Mhz Limit: 1491
Processor Information for processor 9
  Max Mhz: 2100, Current Mhz: 1500, Mhz Limit: 1491
Processor Information for processor 10
  Max Mhz: 2100, Current Mhz: 1500, Mhz Limit: 1491
Processor Information for processor 11
  Max Mhz: 2100, Current Mhz: 1500, Mhz Limit: 1491
Processor Information for processor 12
  Max Mhz: 2100, Current Mhz: 1500, Mhz Limit: 1491
Processor Information for processor 13
  Max Mhz: 2100, Current Mhz: 1500, Mhz Limit: 1491
Processor Information for processor 14
  Max Mhz: 2100, Current Mhz: 1500, Mhz Limit: 1491
Processor Information for processor 15
  Max Mhz: 2100, Current Mhz: 1500, Mhz Limit: 1491

Memory: 4k page, system-wide physical 16088M (2072M free)
TotalPageFile size 39148M (AvailPageFile size 19M)
current process WorkingSet (physical memory assigned to process): 250M, peak: 253M
current process commit charge ("private bytes"): 385M, peak: 389M

vm_info: OpenJDK 64-Bit Server VM (21.0.9+10-LTS) for windows-amd64 JRE (21.0.9+10-LTS), built on 2025-10-21T00:00:00Z by "admin" with unknown MS VC++:1942

END.
