#
# There is insufficient memory for the Java Runtime Environment to continue.
# Native memory allocation (malloc) failed to allocate 1048576 bytes. Error detail: AllocateHeap
# Possible reasons:
#   The system is out of physical RAM or swap space
#   This process is running with CompressedOops enabled, and the Java Heap may be blocking the growth of the native heap
# Possible solutions:
#   Reduce memory load on the system
#   Increase physical memory or swap space
#   Check if swap backing store is full
#   Decrease Java heap size (-Xmx/-Xms)
#   Decrease number of Java threads
#   Decrease Java thread stack sizes (-Xss)
#   Set larger code cache with -XX:ReservedCodeCacheSize=
#   JVM is running with Unscaled Compressed Oops mode in which the Java heap is
#     placed in the first 4GB address space. The Java Heap base address is the
#     maximum limit for the native heap growth. Please use -XX:HeapBaseMinAddress
#     to set the Java Heap base and to place the Java Heap above 4GB virtual address.
# This output file may be truncated or incomplete.
#
#  Out of Memory Error (allocation.cpp:44), pid=30648, tid=24924
#
# JRE version: OpenJDK Runtime Environment Temurin-21.0.9+10 (21.0.9+10) (build 21.0.9+10-LTS)
# Java VM: OpenJDK 64-Bit Server VM Temurin-21.0.9+10 (21.0.9+10-LTS, mixed mode, sharing, tiered, compressed oops, compressed class ptrs, parallel gc, windows-amd64)
# No core dump will be written. Minidumps are not enabled by default on client versions of Windows
#

---------------  S U M M A R Y ------------

Command Line: --add-modules=ALL-SYSTEM --add-opens=java.base/java.util=ALL-UNNAMED --add-opens=java.base/java.lang=ALL-UNNAMED --add-opens=java.base/sun.nio.fs=ALL-UNNAMED -Declipse.application=org.eclipse.jdt.ls.core.id1 -Dosgi.bundles.defaultStartLevel=4 -Declipse.product=org.eclipse.jdt.ls.core.product -Djava.import.generatesMetadataFilesAtProjectRoot=false -DDetectVMInstallationsJob.disabled=true -Dfile.encoding=utf8 -XX:+UseParallelGC -XX:GCTimeRatio=4 -XX:AdaptiveSizePolicyWeight=90 -Dsun.zip.disableMemoryMapping=true -Xmx2G -Xms100m -Xlog:disable -javaagent:c:\Users\Ali Alaa\.vscode\extensions\redhat.java-1.52.0-win32-x64\lombok\lombok-1.18.39-4050.jar -XX:+HeapDumpOnOutOfMemoryError -XX:HeapDumpPath=c:\Users\Ali Alaa\AppData\Roaming\Code\User\workspaceStorage\dd24bddf2526729cf2f73ba34f565b34\redhat.java -Daether.dependencyCollector.impl=bf c:\Users\Ali Alaa\.vscode\extensions\redhat.java-1.52.0-win32-x64\server\plugins\org.eclipse.equinox.launcher_1.7.100.v20251111-0406.jar -configuration c:\Users\Ali Alaa\AppData\Roaming\Code\User\globalStorage\redhat.java\1.52.0\config_win -data c:\Users\Ali Alaa\AppData\Roaming\Code\User\workspaceStorage\dd24bddf2526729cf2f73ba34f565b34\redhat.java\jdt_ws --pipe=\\.\pipe\lsp-bf2b82a5923e3630f0cc2db9d730a547-sock

Host: 12th Gen Intel(R) Core(TM) i7-1260P, 16 cores, 15G,  Windows 11 , 64 bit Build 26100 (10.0.26100.7705)
Time: Thu Feb 12 05:40:23 2026 Egypt Standard Time elapsed time: 17908.247387 seconds (0d 4h 58m 28s)

---------------  T H R E A D  ---------------

Current thread (0x0000023fefb59410):  JavaThread "Attach Listener" daemon [_thread_in_vm, id=24924, stack(0x000000dcf3900000,0x000000dcf3a00000) (1024K)]

Stack: [0x000000dcf3900000,0x000000dcf3a00000]
Native frames: (J=compiled Java code, j=interpreted, Vv=VM code, C=native code)
V  [jvm.dll+0x6d6e29]
V  [jvm.dll+0x8b4b76]
V  [jvm.dll+0x8b712e]
V  [jvm.dll+0x8b7813]
V  [jvm.dll+0x283d86]
V  [jvm.dll+0xc1277]
V  [jvm.dll+0x6d76d9]
V  [jvm.dll+0x133466]
V  [jvm.dll+0x3f7ea6]
V  [jvm.dll+0x85e9ad]
V  [jvm.dll+0x6d565d]
C  [ucrtbase.dll+0x37b0]
C  [KERNEL32.DLL+0x2e8d7]
C  [ntdll.dll+0x8c40c]


---------------  P R O C E S S  ---------------

Threads class SMR info:
_java_thread_list=0x0000023ffa9a8c60, length=43, elements={
0x0000023fefab4fd0, 0x0000023fefb51fd0, 0x0000023fefb55250, 0x0000023fefb587c0,
0x0000023fefb59410, 0x0000023fefb5b5c0, 0x0000023fefb5c210, 0x0000023fefb62070,
0x0000023fefb6e900, 0x0000023ff8b80b70, 0x0000023ffa213d70, 0x0000023fff00de90,
0x0000023fff00cae0, 0x0000023fff00d170, 0x0000023fff00c450, 0x0000023fff00e520,
0x0000023fff00d800, 0x0000023fff00f8d0, 0x0000023fff00ebb0, 0x0000023fd0303210,
0x0000023fd0303f30, 0x0000023fd0301140, 0x0000023fd0300ab0, 0x0000023fd03038a0,
0x0000023fd03045c0, 0x0000023fd0301e60, 0x0000023fd03017d0, 0x0000023fd0304c50,
0x0000023fd0302b80, 0x0000023fd0305970, 0x0000023fd0307a40, 0x0000023fd0306000,
0x0000023fd0306690, 0x0000023fd0306d20, 0x0000023fd03080d0, 0x0000023fd03052e0,
0x0000023fd03073b0, 0x0000023fd158fa30, 0x0000023fd1590de0, 0x0000023fd1591b00,
0x0000023fd1592190, 0x0000023fd1592820, 0x0000023fd1592eb0
}

Java Threads: ( => current thread )
  0x0000023fefab4fd0 JavaThread "main"                              [_thread_blocked, id=16260, stack(0x000000dcf3200000,0x000000dcf3300000) (1024K)]
  0x0000023fefb51fd0 JavaThread "Reference Handler"          daemon [_thread_blocked, id=34548, stack(0x000000dcf3600000,0x000000dcf3700000) (1024K)]
  0x0000023fefb55250 JavaThread "Finalizer"                  daemon [_thread_blocked, id=32316, stack(0x000000dcf3700000,0x000000dcf3800000) (1024K)]
  0x0000023fefb587c0 JavaThread "Signal Dispatcher"          daemon [_thread_blocked, id=24172, stack(0x000000dcf3800000,0x000000dcf3900000) (1024K)]
=>0x0000023fefb59410 JavaThread "Attach Listener"            daemon [_thread_in_vm, id=24924, stack(0x000000dcf3900000,0x000000dcf3a00000) (1024K)]
  0x0000023fefb5b5c0 JavaThread "Service Thread"             daemon [_thread_blocked, id=9760, stack(0x000000dcf3a00000,0x000000dcf3b00000) (1024K)]
  0x0000023fefb5c210 JavaThread "Monitor Deflation Thread"   daemon [_thread_blocked, id=34008, stack(0x000000dcf3b00000,0x000000dcf3c00000) (1024K)]
  0x0000023fefb62070 JavaThread "C2 CompilerThread0"         daemon [_thread_blocked, id=10172, stack(0x000000dcf3c00000,0x000000dcf3d00000) (1024K)]
  0x0000023fefb6e900 JavaThread "C1 CompilerThread0"         daemon [_thread_blocked, id=27580, stack(0x000000dcf3d00000,0x000000dcf3e00000) (1024K)]
  0x0000023ff8b80b70 JavaThread "Common-Cleaner"             daemon [_thread_blocked, id=2008, stack(0x000000dcf4100000,0x000000dcf4200000) (1024K)]
  0x0000023ffa213d70 JavaThread "Notification Thread"        daemon [_thread_blocked, id=17156, stack(0x000000dcf4300000,0x000000dcf4400000) (1024K)]
  0x0000023fff00de90 JavaThread "Active Thread: Equinox Container: 717fca8e-42d6-4474-bdfb-7bb7e6105bb4"        [_thread_blocked, id=24000, stack(0x000000dcf4500000,0x000000dcf4600000) (1024K)]
  0x0000023fff00cae0 JavaThread "Refresh Thread: Equinox Container: 717fca8e-42d6-4474-bdfb-7bb7e6105bb4" daemon [_thread_blocked, id=12492, stack(0x000000dcf3f00000,0x000000dcf4000000) (1024K)]
  0x0000023fff00d170 JavaThread "Framework Event Dispatcher: Equinox Container: 717fca8e-42d6-4474-bdfb-7bb7e6105bb4" daemon [_thread_blocked, id=12348, stack(0x000000dcf4200000,0x000000dcf4300000) (1024K)]
  0x0000023fff00c450 JavaThread "Start Level: Equinox Container: 717fca8e-42d6-4474-bdfb-7bb7e6105bb4" daemon [_thread_blocked, id=2692, stack(0x000000dcf4400000,0x000000dcf4500000) (1024K)]
  0x0000023fff00e520 JavaThread "Bundle File Closer"         daemon [_thread_blocked, id=25528, stack(0x000000dcf5100000,0x000000dcf5200000) (1024K)]
  0x0000023fff00d800 JavaThread "SCR Component Actor"        daemon [_thread_blocked, id=28584, stack(0x000000dcf5800000,0x000000dcf5900000) (1024K)]
  0x0000023fff00f8d0 JavaThread "Worker-JM"                         [_thread_blocked, id=32492, stack(0x000000dcf5900000,0x000000dcf5a00000) (1024K)]
  0x0000023fff00ebb0 JavaThread "JNA Cleaner"                daemon [_thread_blocked, id=13100, stack(0x000000dcf5500000,0x000000dcf5600000) (1024K)]
  0x0000023fd0303210 JavaThread "Java indexing"              daemon [_thread_blocked, id=12388, stack(0x000000dcf5700000,0x000000dcf5800000) (1024K)]
  0x0000023fd0303f30 JavaThread "Worker-2"                          [_thread_blocked, id=31192, stack(0x000000dcf6100000,0x000000dcf6200000) (1024K)]
  0x0000023fd0301140 JavaThread "Worker-3"                          [_thread_blocked, id=19132, stack(0x000000dcf6500000,0x000000dcf6600000) (1024K)]
  0x0000023fd0300ab0 JavaThread "Thread-1"                   daemon [_thread_in_native, id=6280, stack(0x000000dcf6600000,0x000000dcf6700000) (1024K)]
  0x0000023fd03038a0 JavaThread "Thread-2"                   daemon [_thread_in_native, id=4020, stack(0x000000dcf6700000,0x000000dcf6800000) (1024K)]
  0x0000023fd03045c0 JavaThread "Thread-3"                   daemon [_thread_in_native, id=33184, stack(0x000000dcf6800000,0x000000dcf6900000) (1024K)]
  0x0000023fd0301e60 JavaThread "Thread-4"                   daemon [_thread_in_native, id=33816, stack(0x000000dcf6900000,0x000000dcf6a00000) (1024K)]
  0x0000023fd03017d0 JavaThread "Thread-5"                   daemon [_thread_in_native, id=33888, stack(0x000000dcf6a00000,0x000000dcf6b00000) (1024K)]
  0x0000023fd0304c50 JavaThread "Thread-6"                   daemon [_thread_in_native, id=16300, stack(0x000000dcf6b00000,0x000000dcf6c00000) (1024K)]
  0x0000023fd0302b80 JavaThread "Thread-7"                   daemon [_thread_in_native, id=28312, stack(0x000000dcf6c00000,0x000000dcf6d00000) (1024K)]
  0x0000023fd0305970 JavaThread "Thread-8"                   daemon [_thread_in_native, id=25196, stack(0x000000dcf6d00000,0x000000dcf6e00000) (1024K)]
  0x0000023fd0307a40 JavaThread "Thread-9"                   daemon [_thread_in_native, id=27148, stack(0x000000dcf6e00000,0x000000dcf6f00000) (1024K)]
  0x0000023fd0306000 JavaThread "Thread-10"                  daemon [_thread_in_native, id=33768, stack(0x000000dcf6f00000,0x000000dcf7000000) (1024K)]
  0x0000023fd0306690 JavaThread "Thread-11"                  daemon [_thread_in_native, id=31776, stack(0x000000dcf7000000,0x000000dcf7100000) (1024K)]
  0x0000023fd0306d20 JavaThread "Thread-12"                  daemon [_thread_in_native, id=18388, stack(0x000000dcf7100000,0x000000dcf7200000) (1024K)]
  0x0000023fd03080d0 JavaThread "Thread-13"                  daemon [_thread_in_native, id=25564, stack(0x000000dcf7200000,0x000000dcf7300000) (1024K)]
  0x0000023fd03052e0 JavaThread "Thread-14"                  daemon [_thread_in_native, id=32356, stack(0x000000dcf7300000,0x000000dcf7400000) (1024K)]
  0x0000023fd03073b0 JavaThread "Thread-15"                  daemon [_thread_in_native, id=33000, stack(0x000000dcf7400000,0x000000dcf7500000) (1024K)]
  0x0000023fd158fa30 JavaThread "Thread-16"                  daemon [_thread_in_native, id=30288, stack(0x000000dcf7500000,0x000000dcf7600000) (1024K)]
  0x0000023fd1590de0 JavaThread "Thread-17"                  daemon [_thread_in_native, id=33688, stack(0x000000dcf7600000,0x000000dcf7700000) (1024K)]
  0x0000023fd1591b00 JavaThread "pool-2-thread-1"                   [_thread_blocked, id=4944, stack(0x000000dcf7700000,0x000000dcf7800000) (1024K)]
  0x0000023fd1592190 JavaThread "WorkspaceEventsHandler"            [_thread_blocked, id=10408, stack(0x000000dcf7b00000,0x000000dcf7c00000) (1024K)]
  0x0000023fd1592820 JavaThread "pool-1-thread-1"                   [_thread_blocked, id=11680, stack(0x000000dcf7c00000,0x000000dcf7d00000) (1024K)]
  0x0000023fd1592eb0 JavaThread "Timer-0"                           [_thread_blocked, id=18688, stack(0x000000dcf5d00000,0x000000dcf5e00000) (1024K)]
Total: 43

Other Threads:
  0x0000023ff7544920 VMThread "VM Thread"                           [id=24728, stack(0x000000dcf3500000,0x000000dcf3600000) (1024K)]
  0x0000023ff743ca10 WatcherThread "VM Periodic Task Thread"        [id=12596, stack(0x000000dcf3400000,0x000000dcf3500000) (1024K)]
  0x0000023fefad34b0 WorkerThread "GC Thread#0"                     [id=25152, stack(0x000000dcf3300000,0x000000dcf3400000) (1024K)]
  0x0000023ffa9c7920 WorkerThread "GC Thread#1"                     [id=32864, stack(0x000000dcf4600000,0x000000dcf4700000) (1024K)]
  0x0000023ffa740de0 WorkerThread "GC Thread#2"                     [id=7496, stack(0x000000dcf4700000,0x000000dcf4800000) (1024K)]
  0x0000023fff3030b0 WorkerThread "GC Thread#3"                     [id=33608, stack(0x000000dcf4800000,0x000000dcf4900000) (1024K)]
  0x0000023fff303450 WorkerThread "GC Thread#4"                     [id=27688, stack(0x000000dcf4900000,0x000000dcf4a00000) (1024K)]
  0x0000023fff303c00 WorkerThread "GC Thread#5"                     [id=11524, stack(0x000000dcf4a00000,0x000000dcf4b00000) (1024K)]
  0x0000023ffa9de820 WorkerThread "GC Thread#6"                     [id=29132, stack(0x000000dcf4b00000,0x000000dcf4c00000) (1024K)]
  0x0000023ffa7670e0 WorkerThread "GC Thread#7"                     [id=16544, stack(0x000000dcf4c00000,0x000000dcf4d00000) (1024K)]
  0x0000023ffa766260 WorkerThread "GC Thread#8"                     [id=2040, stack(0x000000dcf4000000,0x000000dcf4100000) (1024K)]
  0x0000023ffa767480 WorkerThread "GC Thread#9"                     [id=23080, stack(0x000000dcf4d00000,0x000000dcf4e00000) (1024K)]
  0x0000023ffa766600 WorkerThread "GC Thread#10"                    [id=24188, stack(0x000000dcf4e00000,0x000000dcf4f00000) (1024K)]
  0x0000023ffa7669a0 WorkerThread "GC Thread#11"                    [id=30464, stack(0x000000dcf5a00000,0x000000dcf5b00000) (1024K)]
  0x0000023fffd59f10 WorkerThread "GC Thread#12"                    [id=11764, stack(0x000000dcf5b00000,0x000000dcf5c00000) (1024K)]
Total: 15

Threads with active compile tasks:
Total: 0

VM state: not at safepoint (normal execution)

VM Mutex/Monitor currently owned by a thread: None

Heap address: 0x0000000080000000, size: 2048 MB, Compressed Oops mode: 32-bit

CDS archive(s) mapped at: [0x0000023f8f000000-0x0000023f8fba0000-0x0000023f8fba0000), size 12189696, SharedBaseAddress: 0x0000023f8f000000, ArchiveRelocationMode: 1.
Compressed class space mapped at: 0x0000023f90000000-0x0000023fd0000000, reserved size: 1073741824
Narrow klass base: 0x0000023f8f000000, Narrow klass shift: 0, Narrow klass range: 0x100000000

GC Precious Log:
 CardTable entry size: 512
 CPUs: 16 total, 16 available
 Memory: 16088M
 Large Page Support: Disabled
 NUMA Support: Disabled
 Compressed Oops: Enabled (32-bit)
 Alignments: Space 512K, Generation 512K, Heap 2M
 Heap Min Capacity: 100M
 Heap Initial Capacity: 100M
 Heap Max Capacity: 2G
 Pre-touch: Disabled
 Parallel Workers: 13

Heap:
 PSYoungGen      total 19456K, used 8514K [0x00000000d5580000, 0x00000000d6d00000, 0x0000000100000000)
  eden space 18432K, 41% used [0x00000000d5580000,0x00000000d5cf23d0,0x00000000d6780000)
  from space 1024K, 86% used [0x00000000d6780000,0x00000000d685e4b0,0x00000000d6880000)
  to   space 2560K, 0% used [0x00000000d6a80000,0x00000000d6a80000,0x00000000d6d00000)
 ParOldGen       total 68608K, used 58387K [0x0000000080000000, 0x0000000084300000, 0x00000000d5580000)
  object space 68608K, 85% used [0x0000000080000000,0x0000000083904d60,0x0000000084300000)
 Metaspace       used 63122K, committed 64512K, reserved 1114112K
  class space    used 7353K, committed 7936K, reserved 1048576K

Card table byte_map: [0x0000023fef470000,0x0000023fef880000] _byte_map_base: 0x0000023fef070000

Marking Bits: (ParMarkBitMap*) 0x00007ffcd05e2460
 Begin Bits: [0x0000023ff2f60000, 0x0000023ff4f60000)
 End Bits:   [0x0000023ff4f60000, 0x0000023ff6f60000)

Polling page: 0x0000023fed920000

Metaspace:

Usage:
  Non-class:     54.46 MB used.
      Class:      7.18 MB used.
       Both:     61.64 MB used.

Virtual space:
  Non-class space:       64.00 MB reserved,      55.25 MB ( 86%) committed,  1 nodes.
      Class space:        1.00 GB reserved,       7.75 MB ( <1%) committed,  1 nodes.
             Both:        1.06 GB reserved,      63.00 MB (  6%) committed. 

Chunk freelists:
   Non-Class:  8.58 MB
       Class:  8.13 MB
        Both:  16.70 MB

MaxMetaspaceSize: unlimited
CompressedClassSpaceSize: 1.00 GB
Initial GC threshold: 21.00 MB
Current GC threshold: 97.31 MB
CDS: on
 - commit_granule_bytes: 65536.
 - commit_granule_words: 8192.
 - virtual_space_node_default_size: 8388608.
 - enlarge_chunks_in_place: 1.
 - use_allocation_guard: 0.


Internal statistics:

num_allocs_failed_limit: 9.
num_arena_births: 1060.
num_arena_deaths: 24.
num_vsnodes_births: 2.
num_vsnodes_deaths: 0.
num_space_committed: 1008.
num_space_uncommitted: 0.
num_chunks_returned_to_freelist: 45.
num_chunks_taken_from_freelist: 3696.
num_chunk_merges: 12.
num_chunk_splits: 2326.
num_chunks_enlarged: 1422.
num_inconsistent_stats: 0.

CodeHeap 'non-profiled nmethods': size=119168Kb used=6344Kb max_used=6344Kb free=112823Kb
 bounds [0x0000023f87ba0000, 0x0000023f881e0000, 0x0000023f8f000000]
CodeHeap 'profiled nmethods': size=119104Kb used=18084Kb max_used=18084Kb free=101019Kb
 bounds [0x0000023f80000000, 0x0000023f811b0000, 0x0000023f87450000]
CodeHeap 'non-nmethods': size=7488Kb used=1430Kb max_used=3197Kb free=6058Kb
 bounds [0x0000023f87450000, 0x0000023f87780000, 0x0000023f87ba0000]
CodeCache: size=245760Kb, used=25858Kb, max_used=27625Kb, free=219900Kb
 total_blobs=9472, nmethods=8738, adapters=640, full_count=0
Compilation: enabled, stopped_count=0, restarted_count=0

Compilation events (20 events):
Event: 12836.063 Thread 0x0000023fefb62070 9603   !   4       java.util.concurrent.locks.LockSupport::parkNanos (56 bytes)
Event: 12836.078 Thread 0x0000023fefb62070 nmethod 9603 0x0000023f881d1510 code [0x0000023f881d16c0, 0x0000023f881d1838]
Event: 13079.486 Thread 0x0000023fefb62070 9604       4       java.util.concurrent.ScheduledThreadPoolExecutor::canRunInCurrentRunState (61 bytes)
Event: 13079.499 Thread 0x0000023fefb62070 nmethod 9604 0x0000023f881d1990 code [0x0000023f881d1b20, 0x0000023f881d1be8]
Event: 13833.251 Thread 0x0000023fefb6e900 9605       3       java.util.UUID::<init> (109 bytes)
Event: 13833.255 Thread 0x0000023fefb6e900 nmethod 9605 0x0000023f811a3610 code [0x0000023f811a37e0, 0x0000023f811a3b30]
Event: 14733.310 Thread 0x0000023fefb6e900 9607       3       org.eclipse.core.internal.resources.MarkerAttributeMap::shareStrings (92 bytes)
Event: 14733.333 Thread 0x0000023fefb6e900 nmethod 9607 0x0000023f811a3d10 code [0x0000023f811a3fa0, 0x0000023f811a4e50]
Event: 14733.334 Thread 0x0000023fefb6e900 9606       3       org.eclipse.core.internal.resources.MarkerInfo::shareStrings (21 bytes)
Event: 14733.339 Thread 0x0000023fefb6e900 nmethod 9606 0x0000023f811a5190 code [0x0000023f811a5360, 0x0000023f811a5540]
Event: 15103.186 Thread 0x0000023fefb6e900 9608   !   3       jdk.internal.ref.PhantomCleanable::isListEmpty (34 bytes)
Event: 15103.194 Thread 0x0000023fefb6e900 nmethod 9608 0x0000023f811a5690 code [0x0000023f811a5840, 0x0000023f811a5a98]
Event: 15103.194 Thread 0x0000023fefb6e900 9609       3       jdk.internal.misc.InnocuousThread::eraseThreadLocals (23 bytes)
Event: 15103.195 Thread 0x0000023fefb6e900 nmethod 9609 0x0000023f811a5b90 code [0x0000023f811a5d20, 0x0000023f811a5e88]
Event: 15213.321 Thread 0x0000023fefb6e900 9610 % !   3       java.util.TimerThread::mainLoop @ 0 (232 bytes)
Event: 15213.338 Thread 0x0000023fefb6e900 nmethod 9610% 0x0000023f811a5f10 code [0x0000023f811a61e0, 0x0000023f811a7090]
Event: 15469.320 Thread 0x0000023fefb6e900 9611   !   3       java.util.TimerThread::mainLoop (232 bytes)
Event: 15469.322 Thread 0x0000023fefb6e900 nmethod 9611 0x0000023f811a7910 code [0x0000023f811a7bc0, 0x0000023f811a8988]
Event: 16559.849 Thread 0x0000023fefb62070 9612       4       java.util.concurrent.TimeUnit::convert (73 bytes)
Event: 16559.861 Thread 0x0000023fefb62070 nmethod 9612 0x0000023f881d1d10 code [0x0000023f881d1ec0, 0x0000023f881d2050]

GC Heap History (20 events):
Event: 79.222 GC heap before
{Heap before GC invocations=37 (full 3):
 PSYoungGen      total 21504K, used 20544K [0x00000000d5580000, 0x00000000d6c00000, 0x0000000100000000)
  eden space 20480K, 100% used [0x00000000d5580000,0x00000000d6980000,0x00000000d6980000)
  from space 1024K, 6% used [0x00000000d6a00000,0x00000000d6a10000,0x00000000d6b00000)
  to   space 512K, 0% used [0x00000000d6b80000,0x00000000d6b80000,0x00000000d6c00000)
 ParOldGen       total 68608K, used 44022K [0x0000000080000000, 0x0000000084300000, 0x00000000d5580000)
  object space 68608K, 64% used [0x0000000080000000,0x0000000082afdb30,0x0000000084300000)
 Metaspace       used 58732K, committed 60096K, reserved 1114112K
  class space    used 6884K, committed 7488K, reserved 1048576K
}
Event: 79.223 GC heap after
{Heap after GC invocations=37 (full 3):
 PSYoungGen      total 20992K, used 256K [0x00000000d5580000, 0x00000000d6c00000, 0x0000000100000000)
  eden space 20480K, 0% used [0x00000000d5580000,0x00000000d5580000,0x00000000d6980000)
  from space 512K, 50% used [0x00000000d6b80000,0x00000000d6bc0000,0x00000000d6c00000)
  to   space 512K, 0% used [0x00000000d6b00000,0x00000000d6b00000,0x00000000d6b80000)
 ParOldGen       total 68608K, used 44038K [0x0000000080000000, 0x0000000084300000, 0x00000000d5580000)
  object space 68608K, 64% used [0x0000000080000000,0x0000000082b01b30,0x0000000084300000)
 Metaspace       used 58732K, committed 60096K, reserved 1114112K
  class space    used 6884K, committed 7488K, reserved 1048576K
}
Event: 79.325 GC heap before
{Heap before GC invocations=38 (full 3):
 PSYoungGen      total 20992K, used 20736K [0x00000000d5580000, 0x00000000d6c00000, 0x0000000100000000)
  eden space 20480K, 100% used [0x00000000d5580000,0x00000000d6980000,0x00000000d6980000)
  from space 512K, 50% used [0x00000000d6b80000,0x00000000d6bc0000,0x00000000d6c00000)
  to   space 512K, 0% used [0x00000000d6b00000,0x00000000d6b00000,0x00000000d6b80000)
 ParOldGen       total 68608K, used 44038K [0x0000000080000000, 0x0000000084300000, 0x00000000d5580000)
  object space 68608K, 64% used [0x0000000080000000,0x0000000082b01b30,0x0000000084300000)
 Metaspace       used 59102K, committed 60416K, reserved 1114112K
  class space    used 6923K, committed 7488K, reserved 1048576K
}
Event: 79.326 GC heap after
{Heap after GC invocations=38 (full 3):
 PSYoungGen      total 20992K, used 505K [0x00000000d5580000, 0x00000000d6c00000, 0x0000000100000000)
  eden space 20480K, 0% used [0x00000000d5580000,0x00000000d5580000,0x00000000d6980000)
  from space 512K, 98% used [0x00000000d6b00000,0x00000000d6b7e468,0x00000000d6b80000)
  to   space 512K, 0% used [0x00000000d6b80000,0x00000000d6b80000,0x00000000d6c00000)
 ParOldGen       total 68608K, used 44086K [0x0000000080000000, 0x0000000084300000, 0x00000000d5580000)
  object space 68608K, 64% used [0x0000000080000000,0x0000000082b0db30,0x0000000084300000)
 Metaspace       used 59102K, committed 60416K, reserved 1114112K
  class space    used 6923K, committed 7488K, reserved 1048576K
}
Event: 79.553 GC heap before
{Heap before GC invocations=39 (full 3):
 PSYoungGen      total 20992K, used 20985K [0x00000000d5580000, 0x00000000d6c00000, 0x0000000100000000)
  eden space 20480K, 100% used [0x00000000d5580000,0x00000000d6980000,0x00000000d6980000)
  from space 512K, 98% used [0x00000000d6b00000,0x00000000d6b7e468,0x00000000d6b80000)
  to   space 512K, 0% used [0x00000000d6b80000,0x00000000d6b80000,0x00000000d6c00000)
 ParOldGen       total 68608K, used 44086K [0x0000000080000000, 0x0000000084300000, 0x00000000d5580000)
  object space 68608K, 64% used [0x0000000080000000,0x0000000082b0db30,0x0000000084300000)
 Metaspace       used 60551K, committed 61952K, reserved 1114112K
  class space    used 7075K, committed 7616K, reserved 1048576K
}
Event: 79.557 GC heap after
{Heap after GC invocations=39 (full 3):
 PSYoungGen      total 20992K, used 496K [0x00000000d5580000, 0x00000000d6d80000, 0x0000000100000000)
  eden space 20480K, 0% used [0x00000000d5580000,0x00000000d5580000,0x00000000d6980000)
  from space 512K, 96% used [0x00000000d6b80000,0x00000000d6bfc010,0x00000000d6c00000)
  to   space 2048K, 0% used [0x00000000d6980000,0x00000000d6980000,0x00000000d6b80000)
 ParOldGen       total 68608K, used 44989K [0x0000000080000000, 0x0000000084300000, 0x00000000d5580000)
  object space 68608K, 65% used [0x0000000080000000,0x0000000082bef778,0x0000000084300000)
 Metaspace       used 60551K, committed 61952K, reserved 1114112K
  class space    used 7075K, committed 7616K, reserved 1048576K
}
Event: 79.663 GC heap before
{Heap before GC invocations=40 (full 3):
 PSYoungGen      total 20992K, used 20976K [0x00000000d5580000, 0x00000000d6d80000, 0x0000000100000000)
  eden space 20480K, 100% used [0x00000000d5580000,0x00000000d6980000,0x00000000d6980000)
  from space 512K, 96% used [0x00000000d6b80000,0x00000000d6bfc010,0x00000000d6c00000)
  to   space 2048K, 0% used [0x00000000d6980000,0x00000000d6980000,0x00000000d6b80000)
 ParOldGen       total 68608K, used 44989K [0x0000000080000000, 0x0000000084300000, 0x00000000d5580000)
  object space 68608K, 65% used [0x0000000080000000,0x0000000082bef778,0x0000000084300000)
 Metaspace       used 60819K, committed 62208K, reserved 1114112K
  class space    used 7101K, committed 7680K, reserved 1048576K
}
Event: 79.665 GC heap after
{Heap after GC invocations=40 (full 3):
 PSYoungGen      total 22528K, used 2016K [0x00000000d5580000, 0x00000000d6f80000, 0x0000000100000000)
  eden space 20480K, 0% used [0x00000000d5580000,0x00000000d5580000,0x00000000d6980000)
  from space 2048K, 98% used [0x00000000d6980000,0x00000000d6b78030,0x00000000d6b80000)
  to   space 3072K, 0% used [0x00000000d6c80000,0x00000000d6c80000,0x00000000d6f80000)
 ParOldGen       total 68608K, used 45403K [0x0000000080000000, 0x0000000084300000, 0x00000000d5580000)
  object space 68608K, 66% used [0x0000000080000000,0x0000000082c56db0,0x0000000084300000)
 Metaspace       used 60819K, committed 62208K, reserved 1114112K
  class space    used 7101K, committed 7680K, reserved 1048576K
}
Event: 79.792 GC heap before
{Heap before GC invocations=41 (full 3):
 PSYoungGen      total 22528K, used 22496K [0x00000000d5580000, 0x00000000d6f80000, 0x0000000100000000)
  eden space 20480K, 100% used [0x00000000d5580000,0x00000000d6980000,0x00000000d6980000)
  from space 2048K, 98% used [0x00000000d6980000,0x00000000d6b78030,0x00000000d6b80000)
  to   space 3072K, 0% used [0x00000000d6c80000,0x00000000d6c80000,0x00000000d6f80000)
 ParOldGen       total 68608K, used 45403K [0x0000000080000000, 0x0000000084300000, 0x00000000d5580000)
  object space 68608K, 66% used [0x0000000080000000,0x0000000082c56db0,0x0000000084300000)
 Metaspace       used 61239K, committed 62592K, reserved 1114112K
  class space    used 7166K, committed 7744K, reserved 1048576K
}
Event: 79.795 GC heap after
{Heap after GC invocations=41 (full 3):
 PSYoungGen      total 23552K, used 2769K [0x00000000d5580000, 0x00000000d6f80000, 0x0000000100000000)
  eden space 20480K, 0% used [0x00000000d5580000,0x00000000d5580000,0x00000000d6980000)
  from space 3072K, 90% used [0x00000000d6c80000,0x00000000d6f34460,0x00000000d6f80000)
  to   space 3072K, 0% used [0x00000000d6980000,0x00000000d6980000,0x00000000d6c80000)
 ParOldGen       total 68608K, used 47339K [0x0000000080000000, 0x0000000084300000, 0x00000000d5580000)
  object space 68608K, 68% used [0x0000000080000000,0x0000000082e3add0,0x0000000084300000)
 Metaspace       used 61239K, committed 62592K, reserved 1114112K
  class space    used 7166K, committed 7744K, reserved 1048576K
}
Event: 79.833 GC heap before
{Heap before GC invocations=42 (full 3):
 PSYoungGen      total 23552K, used 23249K [0x00000000d5580000, 0x00000000d6f80000, 0x0000000100000000)
  eden space 20480K, 100% used [0x00000000d5580000,0x00000000d6980000,0x00000000d6980000)
  from space 3072K, 90% used [0x00000000d6c80000,0x00000000d6f34460,0x00000000d6f80000)
  to   space 3072K, 0% used [0x00000000d6980000,0x00000000d6980000,0x00000000d6c80000)
 ParOldGen       total 68608K, used 47339K [0x0000000080000000, 0x0000000084300000, 0x00000000d5580000)
  object space 68608K, 68% used [0x0000000080000000,0x0000000082e3add0,0x0000000084300000)
 Metaspace       used 61268K, committed 62656K, reserved 1114112K
  class space    used 7167K, committed 7744K, reserved 1048576K
}
Event: 79.836 GC heap after
{Heap after GC invocations=42 (full 3):
 PSYoungGen      total 23552K, used 2530K [0x00000000d5580000, 0x00000000d6f80000, 0x0000000100000000)
  eden space 20480K, 0% used [0x00000000d5580000,0x00000000d5580000,0x00000000d6980000)
  from space 3072K, 82% used [0x00000000d6980000,0x00000000d6bf8800,0x00000000d6c80000)
  to   space 3072K, 0% used [0x00000000d6c80000,0x00000000d6c80000,0x00000000d6f80000)
 ParOldGen       total 68608K, used 49789K [0x0000000080000000, 0x0000000084300000, 0x00000000d5580000)
  object space 68608K, 72% used [0x0000000080000000,0x000000008309f4a0,0x0000000084300000)
 Metaspace       used 61268K, committed 62656K, reserved 1114112K
  class space    used 7167K, committed 7744K, reserved 1048576K
}
Event: 79.865 GC heap before
{Heap before GC invocations=43 (full 3):
 PSYoungGen      total 23552K, used 23010K [0x00000000d5580000, 0x00000000d6f80000, 0x0000000100000000)
  eden space 20480K, 100% used [0x00000000d5580000,0x00000000d6980000,0x00000000d6980000)
  from space 3072K, 82% used [0x00000000d6980000,0x00000000d6bf8800,0x00000000d6c80000)
  to   space 3072K, 0% used [0x00000000d6c80000,0x00000000d6c80000,0x00000000d6f80000)
 ParOldGen       total 68608K, used 49789K [0x0000000080000000, 0x0000000084300000, 0x00000000d5580000)
  object space 68608K, 72% used [0x0000000080000000,0x000000008309f4a0,0x0000000084300000)
 Metaspace       used 61299K, committed 62656K, reserved 1114112K
  class space    used 7167K, committed 7744K, reserved 1048576K
}
Event: 79.868 GC heap after
{Heap after GC invocations=43 (full 3):
 PSYoungGen      total 23040K, used 2436K [0x00000000d5580000, 0x00000000d6f00000, 0x0000000100000000)
  eden space 20480K, 0% used [0x00000000d5580000,0x00000000d5580000,0x00000000d6980000)
  from space 2560K, 95% used [0x00000000d6c80000,0x00000000d6ee1000,0x00000000d6f00000)
  to   space 2560K, 0% used [0x00000000d6a00000,0x00000000d6a00000,0x00000000d6c80000)
 ParOldGen       total 68608K, used 51992K [0x0000000080000000, 0x0000000084300000, 0x00000000d5580000)
  object space 68608K, 75% used [0x0000000080000000,0x00000000832c61b0,0x0000000084300000)
 Metaspace       used 61299K, committed 62656K, reserved 1114112K
  class space    used 7167K, committed 7744K, reserved 1048576K
}
Event: 79.903 GC heap before
{Heap before GC invocations=44 (full 3):
 PSYoungGen      total 23040K, used 22916K [0x00000000d5580000, 0x00000000d6f00000, 0x0000000100000000)
  eden space 20480K, 100% used [0x00000000d5580000,0x00000000d6980000,0x00000000d6980000)
  from space 2560K, 95% used [0x00000000d6c80000,0x00000000d6ee1000,0x00000000d6f00000)
  to   space 2560K, 0% used [0x00000000d6a00000,0x00000000d6a00000,0x00000000d6c80000)
 ParOldGen       total 68608K, used 51992K [0x0000000080000000, 0x0000000084300000, 0x00000000d5580000)
  object space 68608K, 75% used [0x0000000080000000,0x00000000832c61b0,0x0000000084300000)
 Metaspace       used 61360K, committed 62784K, reserved 1114112K
  class space    used 7167K, committed 7744K, reserved 1048576K
}
Event: 79.906 GC heap after
{Heap after GC invocations=44 (full 3):
 PSYoungGen      total 23040K, used 2496K [0x00000000d5580000, 0x00000000d6e80000, 0x0000000100000000)
  eden space 20480K, 0% used [0x00000000d5580000,0x00000000d5580000,0x00000000d6980000)
  from space 2560K, 97% used [0x00000000d6a00000,0x00000000d6c70010,0x00000000d6c80000)
  to   space 2048K, 0% used [0x00000000d6c80000,0x00000000d6c80000,0x00000000d6e80000)
 ParOldGen       total 68608K, used 54245K [0x0000000080000000, 0x0000000084300000, 0x00000000d5580000)
  object space 68608K, 79% used [0x0000000080000000,0x00000000834f97d8,0x0000000084300000)
 Metaspace       used 61360K, committed 62784K, reserved 1114112K
  class space    used 7167K, committed 7744K, reserved 1048576K
}
Event: 79.954 GC heap before
{Heap before GC invocations=45 (full 3):
 PSYoungGen      total 23040K, used 22976K [0x00000000d5580000, 0x00000000d6e80000, 0x0000000100000000)
  eden space 20480K, 100% used [0x00000000d5580000,0x00000000d6980000,0x00000000d6980000)
  from space 2560K, 97% used [0x00000000d6a00000,0x00000000d6c70010,0x00000000d6c80000)
  to   space 2048K, 0% used [0x00000000d6c80000,0x00000000d6c80000,0x00000000d6e80000)
 ParOldGen       total 68608K, used 54245K [0x0000000080000000, 0x0000000084300000, 0x00000000d5580000)
  object space 68608K, 79% used [0x0000000080000000,0x00000000834f97d8,0x0000000084300000)
 Metaspace       used 61472K, committed 62848K, reserved 1114112K
  class space    used 7171K, committed 7744K, reserved 1048576K
}
Event: 79.958 GC heap after
{Heap after GC invocations=45 (full 3):
 PSYoungGen      total 20480K, used 2040K [0x00000000d5580000, 0x00000000d7380000, 0x0000000100000000)
  eden space 18432K, 0% used [0x00000000d5580000,0x00000000d5580000,0x00000000d6780000)
  from space 2048K, 99% used [0x00000000d6c80000,0x00000000d6e7e200,0x00000000d6e80000)
  to   space 5120K, 0% used [0x00000000d6780000,0x00000000d6780000,0x00000000d6c80000)
 ParOldGen       total 68608K, used 56509K [0x0000000080000000, 0x0000000084300000, 0x00000000d5580000)
  object space 68608K, 82% used [0x0000000080000000,0x000000008372f7e8,0x0000000084300000)
 Metaspace       used 61472K, committed 62848K, reserved 1114112K
  class space    used 7171K, committed 7744K, reserved 1048576K
}
Event: 1940.605 GC heap before
{Heap before GC invocations=46 (full 3):
 PSYoungGen      total 20480K, used 20472K [0x00000000d5580000, 0x00000000d7380000, 0x0000000100000000)
  eden space 18432K, 99% used [0x00000000d5580000,0x00000000d677fff0,0x00000000d6780000)
  from space 2048K, 99% used [0x00000000d6c80000,0x00000000d6e7e200,0x00000000d6e80000)
  to   space 5120K, 0% used [0x00000000d6780000,0x00000000d6780000,0x00000000d6c80000)
 ParOldGen       total 68608K, used 56509K [0x0000000080000000, 0x0000000084300000, 0x00000000d5580000)
  object space 68608K, 82% used [0x0000000080000000,0x000000008372f7e8,0x0000000084300000)
 Metaspace       used 63008K, committed 64384K, reserved 1114112K
  class space    used 7353K, committed 7936K, reserved 1048576K
}
Event: 1940.608 GC heap after
{Heap after GC invocations=46 (full 3):
 PSYoungGen      total 19456K, used 889K [0x00000000d5580000, 0x00000000d6d00000, 0x0000000100000000)
  eden space 18432K, 0% used [0x00000000d5580000,0x00000000d5580000,0x00000000d6780000)
  from space 1024K, 86% used [0x00000000d6780000,0x00000000d685e4b0,0x00000000d6880000)
  to   space 2560K, 0% used [0x00000000d6a80000,0x00000000d6a80000,0x00000000d6d00000)
 ParOldGen       total 68608K, used 58387K [0x0000000080000000, 0x0000000084300000, 0x00000000d5580000)
  object space 68608K, 85% used [0x0000000080000000,0x0000000083904d60,0x0000000084300000)
 Metaspace       used 63008K, committed 64384K, reserved 1114112K
  class space    used 7353K, committed 7936K, reserved 1048576K
}

Dll operation events (15 events):
Event: 0.011 Loaded shared library c:\Users\Ali Alaa\.vscode\extensions\redhat.java-1.52.0-win32-x64\jre\21.0.9-win32-x86_64\bin\java.dll
Event: 0.101 Loaded shared library c:\Users\Ali Alaa\.vscode\extensions\redhat.java-1.52.0-win32-x64\jre\21.0.9-win32-x86_64\bin\zip.dll
Event: 0.127 Loaded shared library C:\Users\Ali Alaa\.vscode\extensions\redhat.java-1.52.0-win32-x64\jre\21.0.9-win32-x86_64\bin\instrument.dll
Event: 0.136 Loaded shared library C:\Users\Ali Alaa\.vscode\extensions\redhat.java-1.52.0-win32-x64\jre\21.0.9-win32-x86_64\bin\net.dll
Event: 0.139 Loaded shared library C:\Users\Ali Alaa\.vscode\extensions\redhat.java-1.52.0-win32-x64\jre\21.0.9-win32-x86_64\bin\nio.dll
Event: 0.143 Loaded shared library C:\Users\Ali Alaa\.vscode\extensions\redhat.java-1.52.0-win32-x64\jre\21.0.9-win32-x86_64\bin\zip.dll
Event: 0.163 Loaded shared library C:\Users\Ali Alaa\.vscode\extensions\redhat.java-1.52.0-win32-x64\jre\21.0.9-win32-x86_64\bin\jimage.dll
Event: 0.272 Loaded shared library c:\Users\Ali Alaa\.vscode\extensions\redhat.java-1.52.0-win32-x64\jre\21.0.9-win32-x86_64\bin\verify.dll
Event: 15.737 Loaded shared library C:\Users\Ali Alaa\AppData\Roaming\Code\User\globalStorage\redhat.java\1.52.0\config_win\org.eclipse.equinox.launcher\org.eclipse.equinox.launcher.win32.win32.x86_64_1.2.1500.v20260121-1430\eclipse_11919.dll
Event: 32.374 Loaded shared library C:\Users\Ali Alaa\AppData\Local\Temp\jna-1717328653\jna8979305564218651986.dll
Event: 33.884 Loaded shared library C:\Users\Ali Alaa\.vscode\extensions\redhat.java-1.52.0-win32-x64\jre\21.0.9-win32-x86_64\bin\sunmscapi.dll
Event: 34.371 Loaded shared library C:\Users\Ali Alaa\.vscode\extensions\redhat.java-1.52.0-win32-x64\jre\21.0.9-win32-x86_64\bin\extnet.dll
Event: 61.549 Loaded shared library C:\Users\Ali Alaa\.gradle\native\1def1411415f61bf3af743bc5b6707747c0891f09f0c88961ee8f79bc544acac\windows-amd64\native-platform.dll
Event: 78.849 Loaded shared library C:\Users\Ali Alaa\.vscode\extensions\redhat.java-1.52.0-win32-x64\jre\21.0.9-win32-x86_64\bin\management.dll
Event: 78.851 Loaded shared library C:\Users\Ali Alaa\.vscode\extensions\redhat.java-1.52.0-win32-x64\jre\21.0.9-win32-x86_64\bin\management_ext.dll

Deoptimization events (20 events):
Event: 380.101 Thread 0x0000023fd0303f30 Uncommon trap: trap_request=0xffffffc6 fr.pc=0x0000023f8801a2b4 relative=0x0000000000000a34
Event: 380.101 Thread 0x0000023fd0303f30 Uncommon trap: reason=bimorphic_or_optimized_type_check action=maybe_recompile pc=0x0000023f8801a2b4 method=java.io.DataOutputStream.writeInt(I)V @ 19 c2
Event: 380.101 Thread 0x0000023fd0303f30 DEOPT PACKING pc=0x0000023f8801a2b4 sp=0x000000dcf61fe5b0
Event: 380.101 Thread 0x0000023fd0303f30 DEOPT UNPACKING pc=0x0000023f874a3aa2 sp=0x000000dcf61fe5a8 mode 2
Event: 1232.821 Thread 0x0000023fd0301140 Uncommon trap: trap_request=0xffffff45 fr.pc=0x0000023f881a9ab0 relative=0x0000000000001b50
Event: 1232.821 Thread 0x0000023fd0301140 Uncommon trap: reason=unstable_if action=reinterpret pc=0x0000023f881a9ab0 method=org.eclipse.core.internal.utils.StringPool.add(Ljava/lang/String;)Ljava/lang/String; @ 1 c2
Event: 1232.821 Thread 0x0000023fd0301140 DEOPT PACKING pc=0x0000023f881a9ab0 sp=0x000000dcf65ff0e0
Event: 1232.821 Thread 0x0000023fd0301140 DEOPT UNPACKING pc=0x0000023f874a3aa2 sp=0x000000dcf65ff068 mode 2
Event: 1232.821 Thread 0x0000023fd0301140 Uncommon trap: trap_request=0xffffff45 fr.pc=0x0000023f881ab5f0 relative=0x0000000000000110
Event: 1232.821 Thread 0x0000023fd0301140 Uncommon trap: reason=unstable_if action=reinterpret pc=0x0000023f881ab5f0 method=org.eclipse.core.internal.dtree.DataTreeNode.storeStrings(Lorg/eclipse/core/internal/utils/StringPool;)V @ 14 c2
Event: 1232.821 Thread 0x0000023fd0301140 DEOPT PACKING pc=0x0000023f881ab5f0 sp=0x000000dcf65ff190
Event: 1232.821 Thread 0x0000023fd0301140 DEOPT UNPACKING pc=0x0000023f874a3aa2 sp=0x000000dcf65ff128 mode 2
Event: 1232.821 Thread 0x0000023fd0301140 Uncommon trap: trap_request=0xffffff45 fr.pc=0x0000023f881a7300 relative=0x00000000000007a0
Event: 1232.821 Thread 0x0000023fd0301140 Uncommon trap: reason=unstable_if action=reinterpret pc=0x0000023f881a7300 method=org.eclipse.core.internal.utils.StringPool.add(Ljava/lang/String;)Ljava/lang/String; @ 1 c2
Event: 1232.821 Thread 0x0000023fd0301140 DEOPT PACKING pc=0x0000023f881a7300 sp=0x000000dcf65ff060
Event: 1232.821 Thread 0x0000023fd0301140 DEOPT UNPACKING pc=0x0000023f874a3aa2 sp=0x000000dcf65ff038 mode 2
Event: 1657.314 Thread 0x0000023fd1592190 DEOPT PACKING pc=0x0000023f809404c1 sp=0x000000dcf7bfe8b0
Event: 1657.314 Thread 0x0000023fd1592190 DEOPT UNPACKING pc=0x0000023f874a4242 sp=0x000000dcf7bfdd90 mode 0
Event: 1657.314 Thread 0x0000023fd1592190 DEOPT PACKING pc=0x0000023f80a593ce sp=0x000000dcf7bfe2a0
Event: 1657.314 Thread 0x0000023fd1592190 DEOPT UNPACKING pc=0x0000023f874a4242 sp=0x000000dcf7bfd820 mode 0

Classes loaded (20 events):
Event: 380.074 Loading class java/util/stream/Nodes$CollectorTask$OfRef
Event: 380.075 Loading class java/util/stream/Nodes$CollectorTask
Event: 380.075 Loading class java/util/stream/Nodes$CollectorTask done
Event: 380.075 Loading class java/util/stream/Nodes$CollectorTask$OfRef done
Event: 380.075 Loading class java/util/function/LongFunction
Event: 380.075 Loading class java/util/function/LongFunction done
Event: 380.076 Loading class java/util/stream/Nodes$ConcNode
Event: 380.076 Loading class java/util/stream/Nodes$AbstractConcNode
Event: 380.076 Loading class java/util/stream/Nodes$AbstractConcNode done
Event: 380.076 Loading class java/util/stream/Nodes$ConcNode done
Event: 380.094 Loading class java/util/stream/Nodes$ToArrayTask$OfRef
Event: 380.094 Loading class java/util/stream/Nodes$ToArrayTask
Event: 380.094 Loading class java/util/stream/Nodes$ToArrayTask done
Event: 380.094 Loading class java/util/stream/Nodes$ToArrayTask$OfRef done
Event: 380.096 Loading class java/io/ObjectOutputStream$BlockDataOutputStream
Event: 380.097 Loading class java/io/ObjectOutputStream$BlockDataOutputStream done
Event: 380.097 Loading class java/io/ObjectOutputStream$HandleTable
Event: 380.097 Loading class java/io/ObjectOutputStream$HandleTable done
Event: 380.097 Loading class java/io/ObjectOutputStream$ReplaceTable
Event: 380.097 Loading class java/io/ObjectOutputStream$ReplaceTable done

Classes unloaded (12 events):
Event: 33.092 Thread 0x0000023ff7544920 Unloading class 0x0000023f901a9400 'java/lang/invoke/LambdaForm$MH+0x0000023f901a9400'
Event: 33.092 Thread 0x0000023ff7544920 Unloading class 0x0000023f901a9000 'java/lang/invoke/LambdaForm$MH+0x0000023f901a9000'
Event: 33.092 Thread 0x0000023ff7544920 Unloading class 0x0000023f901a8c00 'java/lang/invoke/LambdaForm$MH+0x0000023f901a8c00'
Event: 33.092 Thread 0x0000023ff7544920 Unloading class 0x0000023f901a8800 'java/lang/invoke/LambdaForm$MH+0x0000023f901a8800'
Event: 33.092 Thread 0x0000023ff7544920 Unloading class 0x0000023f901a8400 'java/lang/invoke/LambdaForm$BMH+0x0000023f901a8400'
Event: 33.092 Thread 0x0000023ff7544920 Unloading class 0x0000023f901a8000 'java/lang/invoke/LambdaForm$DMH+0x0000023f901a8000'
Event: 33.092 Thread 0x0000023ff7544920 Unloading class 0x0000023f901a6c00 'java/lang/invoke/LambdaForm$DMH+0x0000023f901a6c00'
Event: 34.213 Thread 0x0000023ff7544920 Unloading class 0x0000023f903ba000 'java/lang/invoke/LambdaForm$MH+0x0000023f903ba000'
Event: 34.213 Thread 0x0000023ff7544920 Unloading class 0x0000023f903b9800 'java/lang/invoke/LambdaForm$MH+0x0000023f903b9800'
Event: 34.213 Thread 0x0000023ff7544920 Unloading class 0x0000023f903b9000 'java/lang/invoke/LambdaForm$MH+0x0000023f903b9000'
Event: 34.213 Thread 0x0000023ff7544920 Unloading class 0x0000023f903b8800 'java/lang/invoke/LambdaForm$MH+0x0000023f903b8800'
Event: 34.213 Thread 0x0000023ff7544920 Unloading class 0x0000023f903b8400 'java/lang/invoke/LambdaForm$DMH+0x0000023f903b8400'

Classes redefined (0 events):
No events

Internal exceptions (20 events):
Event: 80.249 Thread 0x0000023fd0301140 Exception <a 'sun/nio/fs/WindowsException'{0x00000000d5b780c0}> (0x00000000d5b780c0) 
thrown [s\src\hotspot\share\prims\jni.cpp, line 520]
Event: 80.250 Thread 0x0000023fd0301140 Exception <a 'sun/nio/fs/WindowsException'{0x00000000d5b78798}> (0x00000000d5b78798) 
thrown [s\src\hotspot\share\prims\jni.cpp, line 520]
Event: 80.253 Thread 0x0000023fd0301140 Exception <a 'sun/nio/fs/WindowsException'{0x00000000d5ec2948}> (0x00000000d5ec2948) 
thrown [s\src\hotspot\share\prims\jni.cpp, line 520]
Event: 80.253 Thread 0x0000023fd0301140 Exception <a 'sun/nio/fs/WindowsException'{0x00000000d5ec3020}> (0x00000000d5ec3020) 
thrown [s\src\hotspot\share\prims\jni.cpp, line 520]
Event: 80.253 Thread 0x0000023fd0301140 Exception <a 'sun/nio/fs/WindowsException'{0x00000000d5ecb3b0}> (0x00000000d5ecb3b0) 
thrown [s\src\hotspot\share\prims\jni.cpp, line 520]
Event: 80.253 Thread 0x0000023fd0301140 Exception <a 'sun/nio/fs/WindowsException'{0x00000000d5ecba88}> (0x00000000d5ecba88) 
thrown [s\src\hotspot\share\prims\jni.cpp, line 520]
Event: 80.292 Thread 0x0000023fd0301140 Exception <a 'java/lang/NoSuchMethodError'{0x00000000d5f2cd78}: 'java.lang.Object java.lang.invoke.DirectMethodHandle$Holder.invokeStatic(java.lang.Object, java.lang.Object, int, java.lang.Object)'> (0x00000000d5f2cd78) 
thrown [s\src\hotspot\share\interpreter\linkResolver.cpp, line 773]
Event: 80.293 Thread 0x0000023fd0301140 Exception <a 'java/lang/NoSuchMethodError'{0x00000000d5f333b8}: 'java.lang.Object java.lang.invoke.DirectMethodHandle$Holder.newInvokeSpecial(java.lang.Object, java.lang.Object, int)'> (0x00000000d5f333b8) 
thrown [s\src\hotspot\share\interpreter\linkResolver.cpp, line 773]
Event: 80.355 Thread 0x0000023fd0301140 Exception <a 'java/io/FileNotFoundException'{0x00000000d61a3168}> (0x00000000d61a3168) 
thrown [s\src\hotspot\share\prims\jni.cpp, line 520]
Event: 80.356 Thread 0x0000023fd0301140 Exception <a 'java/io/FileNotFoundException'{0x00000000d61a3ee8}> (0x00000000d61a3ee8) 
thrown [s\src\hotspot\share\prims\jni.cpp, line 520]
Event: 380.089 Thread 0x0000023fd0303f30 Exception <a 'sun/nio/fs/WindowsException'{0x00000000d638b730}> (0x00000000d638b730) 
thrown [s\src\hotspot\share\prims\jni.cpp, line 520]
Event: 380.090 Thread 0x0000023fd0303f30 Exception <a 'sun/nio/fs/WindowsException'{0x00000000d638c0b8}> (0x00000000d638c0b8) 
thrown [s\src\hotspot\share\prims\jni.cpp, line 520]
Event: 380.090 Thread 0x0000023fd0303f30 Exception <a 'sun/nio/fs/WindowsException'{0x00000000d638def8}> (0x00000000d638def8) 
thrown [s\src\hotspot\share\prims\jni.cpp, line 520]
Event: 380.090 Thread 0x0000023fd0303f30 Exception <a 'sun/nio/fs/WindowsException'{0x00000000d638ead0}> (0x00000000d638ead0) 
thrown [s\src\hotspot\share\prims\jni.cpp, line 520]
Event: 380.090 Thread 0x0000023fd0303f30 Exception <a 'sun/nio/fs/WindowsException'{0x00000000d6390518}> (0x00000000d6390518) 
thrown [s\src\hotspot\share\prims\jni.cpp, line 520]
Event: 380.090 Thread 0x0000023fd0303f30 Exception <a 'sun/nio/fs/WindowsException'{0x00000000d6390ea0}> (0x00000000d6390ea0) 
thrown [s\src\hotspot\share\prims\jni.cpp, line 520]
Event: 380.103 Thread 0x0000023fd0303f30 Exception <a 'java/lang/NoSuchMethodError'{0x00000000d6417568}: 'java.lang.Object java.lang.invoke.DirectMethodHandle$Holder.newInvokeSpecial(java.lang.Object, java.lang.Object, java.lang.Object, java.lang.Object, java.lang.Object, java.lang.Object, java.lang.Object, java.lang.Object)'> (0x00000000d6417568) 
thrown [s\src\hotspot\share\interpreter\linkResolver.cpp, line 773]
Event: 1232.821 Thread 0x0000023fd0301140 Implicit null exception at 0x0000023f881a7fb2 to 0x0000023f881a9a9c
Event: 1232.821 Thread 0x0000023fd0301140 Implicit null exception at 0x0000023f881a6ba3 to 0x0000023f881a72f0
Event: 2991.033 Thread 0x0000023fd1592820 Exception <a 'java/lang/IncompatibleClassChangeError'{0x00000000d57e6488}: Found class java.lang.Object, but interface was expected> (0x00000000d57e6488) 
thrown [s\src\hotspot\share\interpreter\linkResolver.cpp, line 840]

ZGC Phase Switch (0 events):
No events

VM Operations (20 events):
Event: 16734.855 Executing VM operation: HandshakeAllThreads (HandshakeForDeflation)
Event: 16734.855 Executing VM operation: HandshakeAllThreads (HandshakeForDeflation) done
Event: 16734.855 Executing VM operation: RendezvousGCThreads
Event: 16734.855 Executing VM operation: RendezvousGCThreads done
Event: 16794.980 Executing VM operation: HandshakeAllThreads (HandshakeForDeflation)
Event: 16794.980 Executing VM operation: HandshakeAllThreads (HandshakeForDeflation) done
Event: 16794.980 Executing VM operation: RendezvousGCThreads
Event: 16794.980 Executing VM operation: RendezvousGCThreads done
Event: 17456.353 Executing VM operation: HandshakeAllThreads (HandshakeForDeflation)
Event: 17456.353 Executing VM operation: HandshakeAllThreads (HandshakeForDeflation) done
Event: 17456.353 Executing VM operation: RendezvousGCThreads
Event: 17456.353 Executing VM operation: RendezvousGCThreads done
Event: 17696.867 Executing VM operation: HandshakeAllThreads (HandshakeForDeflation)
Event: 17696.867 Executing VM operation: HandshakeAllThreads (HandshakeForDeflation) done
Event: 17696.867 Executing VM operation: RendezvousGCThreads
Event: 17696.867 Executing VM operation: RendezvousGCThreads done
Event: 17756.997 Executing VM operation: HandshakeAllThreads (HandshakeForDeflation)
Event: 17756.997 Executing VM operation: HandshakeAllThreads (HandshakeForDeflation) done
Event: 17756.997 Executing VM operation: RendezvousGCThreads
Event: 17756.997 Executing VM operation: RendezvousGCThreads done

Memory protections (0 events):
No events

Nmethod flushes (20 events):
Event: 78.910 Thread 0x0000023ff7544920 flushing  nmethod 0x0000023f809ec290
Event: 78.910 Thread 0x0000023ff7544920 flushing  nmethod 0x0000023f809ec890
Event: 78.910 Thread 0x0000023ff7544920 flushing  nmethod 0x0000023f809ee290
Event: 78.910 Thread 0x0000023ff7544920 flushing  nmethod 0x0000023f80a0f590
Event: 78.910 Thread 0x0000023ff7544920 flushing  nmethod 0x0000023f80a12c10
Event: 78.910 Thread 0x0000023ff7544920 flushing  nmethod 0x0000023f80a30010
Event: 78.910 Thread 0x0000023ff7544920 flushing  nmethod 0x0000023f80a39c10
Event: 78.910 Thread 0x0000023ff7544920 flushing  nmethod 0x0000023f80a54d90
Event: 78.910 Thread 0x0000023ff7544920 flushing  nmethod 0x0000023f80a55290
Event: 78.910 Thread 0x0000023ff7544920 flushing  nmethod 0x0000023f80a55690
Event: 78.910 Thread 0x0000023ff7544920 flushing  nmethod 0x0000023f80a56110
Event: 78.910 Thread 0x0000023ff7544920 flushing  nmethod 0x0000023f80a56e10
Event: 78.910 Thread 0x0000023ff7544920 flushing  nmethod 0x0000023f80a58310
Event: 78.910 Thread 0x0000023ff7544920 flushing  nmethod 0x0000023f80a59490
Event: 78.910 Thread 0x0000023ff7544920 flushing  nmethod 0x0000023f80a5b090
Event: 78.910 Thread 0x0000023ff7544920 flushing  nmethod 0x0000023f80a8cf10
Event: 78.910 Thread 0x0000023ff7544920 flushing  nmethod 0x0000023f80a8f090
Event: 78.910 Thread 0x0000023ff7544920 flushing  nmethod 0x0000023f80a90690
Event: 78.910 Thread 0x0000023ff7544920 flushing  nmethod 0x0000023f80a95d90
Event: 78.910 Thread 0x0000023ff7544920 flushing  nmethod 0x0000023f80aa4890

Events (20 events):
Event: 380.037 Thread 0x0000023fd1595610 Thread exited: 0x0000023fd1595610
Event: 380.072 Thread 0x0000023fd0303f30 Thread added: 0x0000023fd335aaa0
Event: 380.077 Thread 0x0000023fd335aaa0 Thread exited: 0x0000023fd335aaa0
Event: 380.092 Thread 0x0000023fd0303f30 Thread added: 0x0000023fd335cb70
Event: 380.094 Thread 0x0000023fd335cb70 Thread added: 0x0000023fd335be50
Event: 380.094 Thread 0x0000023fd335cb70 Thread added: 0x0000023fd335c4e0
Event: 380.095 Thread 0x0000023fd335be50 Thread exited: 0x0000023fd335be50
Event: 380.095 Thread 0x0000023fd335c4e0 Thread exited: 0x0000023fd335c4e0
Event: 380.095 Thread 0x0000023fd335cb70 Thread exited: 0x0000023fd335cb70
Event: 380.108 Thread 0x0000023fefb6e900 Thread added: 0x0000023fd29e9960
Event: 380.273 Thread 0x0000023fd29e9960 Thread exited: 0x0000023fd29e9960
Event: 440.037 Thread 0x0000023fd335b130 Thread exited: 0x0000023fd335b130
Event: 500.038 Thread 0x0000023fd1595ca0 Thread exited: 0x0000023fd1595ca0
Event: 560.039 Thread 0x0000023fd1593540 Thread exited: 0x0000023fd1593540
Event: 620.039 Thread 0x0000023fd335b7c0 Thread exited: 0x0000023fd335b7c0
Event: 680.039 Thread 0x0000023fd3359060 Thread exited: 0x0000023fd3359060
Event: 2057.325 Thread 0x0000023fefb6e900 Thread added: 0x0000023fd29e9960
Event: 2062.477 Thread 0x0000023fd29e9960 Thread exited: 0x0000023fd29e9960
Event: 3009.250 Thread 0x0000023fefb6e900 Thread added: 0x0000023fd29ecfe0
Event: 3014.253 Thread 0x0000023fd29ecfe0 Thread exited: 0x0000023fd29ecfe0


Dynamic libraries:
0x00007ff6fff30000 - 0x00007ff6fff3e000 	c:\Users\Ali Alaa\.vscode\extensions\redhat.java-1.52.0-win32-x64\jre\21.0.9-win32-x86_64\bin\java.exe
0x00007ffd71100000 - 0x00007ffd71368000 	C:\Windows\SYSTEM32\ntdll.dll
0x00007ffd700c0000 - 0x00007ffd70189000 	C:\Windows\System32\KERNEL32.DLL
0x00007ffd6e9b0000 - 0x00007ffd6eda1000 	C:\Windows\System32\KERNELBASE.dll
0x00007ffd6e680000 - 0x00007ffd6e7cb000 	C:\Windows\System32\ucrtbase.dll
0x00007ffd55470000 - 0x00007ffd55488000 	c:\Users\Ali Alaa\.vscode\extensions\redhat.java-1.52.0-win32-x64\jre\21.0.9-win32-x86_64\bin\jli.dll
0x00007ffd5dd70000 - 0x00007ffd5dd8e000 	c:\Users\Ali Alaa\.vscode\extensions\redhat.java-1.52.0-win32-x64\jre\21.0.9-win32-x86_64\bin\VCRUNTIME140.dll
0x00007ffd6f260000 - 0x00007ffd6f426000 	C:\Windows\System32\USER32.dll
0x00007ffd56660000 - 0x00007ffd568f3000 	C:\Windows\WinSxS\amd64_microsoft.windows.common-controls_6595b64144ccf1df_6.0.26100.7824_none_3e0870b2e3345462\COMCTL32.dll
0x00007ffd6edb0000 - 0x00007ffd6edd7000 	C:\Windows\System32\win32u.dll
0x00007ffd6f440000 - 0x00007ffd6f4e9000 	C:\Windows\System32\msvcrt.dll
0x00007ffd6eea0000 - 0x00007ffd6eecb000 	C:\Windows\System32\GDI32.dll
0x00007ffd6e880000 - 0x00007ffd6e9ab000 	C:\Windows\System32\gdi32full.dll
0x00007ffd6e7d0000 - 0x00007ffd6e873000 	C:\Windows\System32\msvcp_win.dll
0x00007ffd71080000 - 0x00007ffd710b1000 	C:\Windows\System32\IMM32.DLL
0x00007ffd6a5b0000 - 0x00007ffd6a5bc000 	c:\Users\Ali Alaa\.vscode\extensions\redhat.java-1.52.0-win32-x64\jre\21.0.9-win32-x86_64\bin\vcruntime140_1.dll
0x00007ffd407f0000 - 0x00007ffd4087d000 	c:\Users\Ali Alaa\.vscode\extensions\redhat.java-1.52.0-win32-x64\jre\21.0.9-win32-x86_64\bin\msvcp140.dll
0x00007ffccf920000 - 0x00007ffcd06c0000 	c:\Users\Ali Alaa\.vscode\extensions\redhat.java-1.52.0-win32-x64\jre\21.0.9-win32-x86_64\bin\server\jvm.dll
0x00007ffd6f870000 - 0x00007ffd6f924000 	C:\Windows\System32\ADVAPI32.dll
0x00007ffd6f990000 - 0x00007ffd6fa36000 	C:\Windows\System32\sechost.dll
0x00007ffd70bd0000 - 0x00007ffd70ce8000 	C:\Windows\System32\RPCRT4.dll
0x00007ffd71000000 - 0x00007ffd71074000 	C:\Windows\System32\WS2_32.dll
0x00007ffd6d840000 - 0x00007ffd6d89e000 	C:\Windows\SYSTEM32\POWRPROF.dll
0x00007ffd67a70000 - 0x00007ffd67a7b000 	C:\Windows\SYSTEM32\VERSION.dll
0x00007ffd5de50000 - 0x00007ffd5de85000 	C:\Windows\SYSTEM32\WINMM.dll
0x00007ffd6d820000 - 0x00007ffd6d834000 	C:\Windows\SYSTEM32\UMPDC.dll
0x00007ffd6c740000 - 0x00007ffd6c75b000 	C:\Windows\SYSTEM32\kernel.appcore.dll
0x00007ffd69350000 - 0x00007ffd6935a000 	c:\Users\Ali Alaa\.vscode\extensions\redhat.java-1.52.0-win32-x64\jre\21.0.9-win32-x86_64\bin\jimage.dll
0x00007ffd6b860000 - 0x00007ffd6baa2000 	C:\Windows\SYSTEM32\DBGHELP.DLL
0x00007ffd6eed0000 - 0x00007ffd6f256000 	C:\Windows\System32\combase.dll
0x00007ffd70290000 - 0x00007ffd70367000 	C:\Windows\System32\OLEAUT32.dll
0x00007ffd4d970000 - 0x00007ffd4d9ab000 	C:\Windows\SYSTEM32\dbgcore.DLL
0x00007ffd6e3d0000 - 0x00007ffd6e475000 	C:\Windows\System32\bcryptPrimitives.dll
0x00007ffd60500000 - 0x00007ffd6050f000 	c:\Users\Ali Alaa\.vscode\extensions\redhat.java-1.52.0-win32-x64\jre\21.0.9-win32-x86_64\bin\instrument.dll
0x00007ffd55450000 - 0x00007ffd55470000 	c:\Users\Ali Alaa\.vscode\extensions\redhat.java-1.52.0-win32-x64\jre\21.0.9-win32-x86_64\bin\java.dll
0x00007ffd70470000 - 0x00007ffd70bc2000 	C:\Windows\System32\SHELL32.dll
0x00007ffd6e480000 - 0x00007ffd6e5ea000 	C:\Windows\System32\wintypes.dll
0x00007ffd6d9e0000 - 0x00007ffd6e243000 	C:\Windows\System32\windows.storage.dll
0x00007ffd6ffc0000 - 0x00007ffd700b6000 	C:\Windows\System32\SHCORE.dll
0x00007ffd6fed0000 - 0x00007ffd6ff37000 	C:\Windows\System32\shlwapi.dll
0x00007ffd6d900000 - 0x00007ffd6d929000 	C:\Windows\SYSTEM32\profapi.dll
0x00007ffd517c0000 - 0x00007ffd517d8000 	c:\Users\Ali Alaa\.vscode\extensions\redhat.java-1.52.0-win32-x64\jre\21.0.9-win32-x86_64\bin\zip.dll
0x00007ffd67390000 - 0x00007ffd673a0000 	C:\Users\Ali Alaa\.vscode\extensions\redhat.java-1.52.0-win32-x64\jre\21.0.9-win32-x86_64\bin\net.dll
0x00007ffd67940000 - 0x00007ffd67a67000 	C:\Windows\SYSTEM32\WINHTTP.dll
0x00007ffd6cc90000 - 0x00007ffd6ccfb000 	C:\Windows\system32\mswsock.dll
0x00007ffd50a60000 - 0x00007ffd50a76000 	C:\Users\Ali Alaa\.vscode\extensions\redhat.java-1.52.0-win32-x64\jre\21.0.9-win32-x86_64\bin\nio.dll
0x00007ffd604e0000 - 0x00007ffd604f0000 	c:\Users\Ali Alaa\.vscode\extensions\redhat.java-1.52.0-win32-x64\jre\21.0.9-win32-x86_64\bin\verify.dll
0x00007ffd00070000 - 0x00007ffd000b5000 	C:\Users\Ali Alaa\AppData\Roaming\Code\User\globalStorage\redhat.java\1.52.0\config_win\org.eclipse.equinox.launcher\org.eclipse.equinox.launcher.win32.win32.x86_64_1.2.1500.v20260121-1430\eclipse_11919.dll
0x00007ffd6f6d0000 - 0x00007ffd6f867000 	C:\Windows\System32\ole32.dll
0x00007ffd6d080000 - 0x00007ffd6d09b000 	C:\Windows\SYSTEM32\CRYPTSP.dll
0x00007ffd6c6a0000 - 0x00007ffd6c6d9000 	C:\Windows\system32\rsaenh.dll
0x00007ffd6cd40000 - 0x00007ffd6cd6b000 	C:\Windows\SYSTEM32\USERENV.dll
0x00007ffd6d8d0000 - 0x00007ffd6d8fa000 	C:\Windows\SYSTEM32\bcrypt.dll
0x00007ffd6cee0000 - 0x00007ffd6ceec000 	C:\Windows\SYSTEM32\CRYPTBASE.dll
0x00007ffd6c1f0000 - 0x00007ffd6c224000 	C:\Windows\SYSTEM32\IPHLPAPI.DLL
0x00007ffd70e60000 - 0x00007ffd70e6a000 	C:\Windows\System32\NSI.dll
0x00007ffd506c0000 - 0x00007ffd50709000 	C:\Users\Ali Alaa\AppData\Local\Temp\jna-1717328653\jna8979305564218651986.dll
0x00007ffd70fe0000 - 0x00007ffd70fe8000 	C:\Windows\System32\PSAPI.DLL
0x00007ffd68230000 - 0x00007ffd6824e000 	C:\Windows\SYSTEM32\dhcpcsvc6.DLL
0x00007ffd68100000 - 0x00007ffd68123000 	C:\Windows\SYSTEM32\dhcpcsvc.DLL
0x00007ffd47f30000 - 0x00007ffd47f3e000 	C:\Users\Ali Alaa\.vscode\extensions\redhat.java-1.52.0-win32-x64\jre\21.0.9-win32-x86_64\bin\sunmscapi.dll
0x00007ffd6e250000 - 0x00007ffd6e3c7000 	C:\Windows\System32\CRYPT32.dll
0x00007ffd6d1e0000 - 0x00007ffd6d210000 	C:\Windows\SYSTEM32\ncrypt.dll
0x00007ffd6d190000 - 0x00007ffd6d1cf000 	C:\Windows\SYSTEM32\NTASN1.dll
0x00007ffd6c230000 - 0x00007ffd6c35c000 	C:\Windows\SYSTEM32\DNSAPI.dll
0x0000000067c50000 - 0x0000000067c5b000 	C:\Program Files\National Instruments\Shared\mDNS Responder\nimdnsNSP.dll
0x0000000067c30000 - 0x0000000067c41000 	C:\Windows\SYSTEM32\nimdnsResponder.dll
0x00007ffd64850000 - 0x00007ffd6485b000 	C:\Windows\System32\rasadhlp.dll
0x00007ffd683c0000 - 0x00007ffd68446000 	C:\Windows\System32\fwpuclnt.dll
0x00007ffd47e00000 - 0x00007ffd47e09000 	C:\Users\Ali Alaa\.vscode\extensions\redhat.java-1.52.0-win32-x64\jre\21.0.9-win32-x86_64\bin\extnet.dll
0x00007ffd54d30000 - 0x00007ffd54d57000 	C:\Users\Ali Alaa\.gradle\native\1def1411415f61bf3af743bc5b6707747c0891f09f0c88961ee8f79bc544acac\windows-amd64\native-platform.dll
0x00007ffd4a210000 - 0x00007ffd4a21a000 	C:\Users\Ali Alaa\.vscode\extensions\redhat.java-1.52.0-win32-x64\jre\21.0.9-win32-x86_64\bin\management.dll
0x00007ffd480b0000 - 0x00007ffd480bc000 	C:\Users\Ali Alaa\.vscode\extensions\redhat.java-1.52.0-win32-x64\jre\21.0.9-win32-x86_64\bin\management_ext.dll

JVMTI agents:
c:\Users\Ali Alaa\.vscode\extensions\redhat.java-1.52.0-win32-x64\lombok\lombok-1.18.39-4050.jar path:c:\Users\Ali Alaa\.vscode\extensions\redhat.java-1.52.0-win32-x64\jre\21.0.9-win32-x86_64\bin\instrument.dll, loaded, initialized, instrumentlib options:none

dbghelp: loaded successfully - version: 4.0.5 - missing functions: none
symbol engine: initialized successfully - sym options: 0x614 - pdb path: .;c:\Users\Ali Alaa\.vscode\extensions\redhat.java-1.52.0-win32-x64\jre\21.0.9-win32-x86_64\bin;C:\Windows\SYSTEM32;C:\Windows\WinSxS\amd64_microsoft.windows.common-controls_6595b64144ccf1df_6.0.26100.7824_none_3e0870b2e3345462;c:\Users\Ali Alaa\.vscode\extensions\redhat.java-1.52.0-win32-x64\jre\21.0.9-win32-x86_64\bin\server;C:\Users\Ali Alaa\AppData\Roaming\Code\User\globalStorage\redhat.java\1.52.0\config_win\org.eclipse.equinox.launcher\org.eclipse.equinox.launcher.win32.win32.x86_64_1.2.1500.v20260121-1430;C:\Users\Ali Alaa\AppData\Local\Temp\jna-1717328653;C:\Program Files\National Instruments\Shared\mDNS Responder;C:\Users\Ali Alaa\.gradle\native\1def1411415f61bf3af743bc5b6707747c0891f09f0c88961ee8f79bc544acac\windows-amd64

VM Arguments:
jvm_args: --add-modules=ALL-SYSTEM --add-opens=java.base/java.util=ALL-UNNAMED --add-opens=java.base/java.lang=ALL-UNNAMED --add-opens=java.base/sun.nio.fs=ALL-UNNAMED -Declipse.application=org.eclipse.jdt.ls.core.id1 -Dosgi.bundles.defaultStartLevel=4 -Declipse.product=org.eclipse.jdt.ls.core.product -Djava.import.generatesMetadataFilesAtProjectRoot=false -DDetectVMInstallationsJob.disabled=true -Dfile.encoding=utf8 -XX:+UseParallelGC -XX:GCTimeRatio=4 -XX:AdaptiveSizePolicyWeight=90 -Dsun.zip.disableMemoryMapping=true -Xmx2G -Xms100m -Xlog:disable -javaagent:c:\Users\Ali Alaa\.vscode\extensions\redhat.java-1.52.0-win32-x64\lombok\lombok-1.18.39-4050.jar -XX:+HeapDumpOnOutOfMemoryError -XX:HeapDumpPath=c:\Users\Ali Alaa\AppData\Roaming\Code\User\workspaceStorage\dd24bddf2526729cf2f73ba34f565b34\redhat.java -Daether.dependencyCollector.impl=bf 
java_command: c:\Users\Ali Alaa\.vscode\extensions\redhat.java-1.52.0-win32-x64\server\plugins\org.eclipse.equinox.launcher_1.7.100.v20251111-0406.jar -configuration c:\Users\Ali Alaa\AppData\Roaming\Code\User\globalStorage\redhat.java\1.52.0\config_win -data c:\Users\Ali Alaa\AppData\Roaming\Code\User\workspaceStorage\dd24bddf2526729cf2f73ba34f565b34\redhat.java\jdt_ws --pipe=\\.\pipe\lsp-bf2b82a5923e3630f0cc2db9d730a547-sock
java_class_path (initial): c:\Users\Ali Alaa\.vscode\extensions\redhat.java-1.52.0-win32-x64\server\plugins\org.eclipse.equinox.launcher_1.7.100.v20251111-0406.jar
Launcher Type: SUN_STANDARD

[Global flags]
    uintx AdaptiveSizePolicyWeight                 = 90                                        {product} {command line}
     intx CICompilerCount                          = 12                                        {product} {ergonomic}
    uintx GCTimeRatio                              = 4                                         {product} {command line}
     bool HeapDumpOnOutOfMemoryError               = true                                   {manageable} {command line}
    ccstr HeapDumpPath                             = c:\Users\Ali Alaa\AppData\Roaming\Code\User\workspaceStorage\dd24bddf2526729cf2f73ba34f565b34\redhat.java         {manageable} {command line}
   size_t InitialHeapSize                          = 104857600                                 {product} {command line}
   size_t MaxHeapSize                              = 2147483648                                {product} {command line}
   size_t MaxNewSize                               = 715653120                                 {product} {ergonomic}
   size_t MinHeapDeltaBytes                        = 524288                                    {product} {ergonomic}
   size_t MinHeapSize                              = 104857600                                 {product} {command line}
   size_t NewSize                                  = 34603008                                  {product} {ergonomic}
    uintx NonNMethodCodeHeapSize                   = 7602480                                {pd product} {ergonomic}
    uintx NonProfiledCodeHeapSize                  = 122027880                              {pd product} {ergonomic}
   size_t OldSize                                  = 70254592                                  {product} {ergonomic}
    uintx ProfiledCodeHeapSize                     = 122027880                              {pd product} {ergonomic}
    uintx ReservedCodeCacheSize                    = 251658240                              {pd product} {ergonomic}
     bool SegmentedCodeCache                       = true                                      {product} {ergonomic}
   size_t SoftMaxHeapSize                          = 2147483648                             {manageable} {ergonomic}
     bool UseCompressedOops                        = true                           {product lp64_product} {ergonomic}
     bool UseLargePagesIndividualAllocation        = false                                  {pd product} {ergonomic}
     bool UseParallelGC                            = true                                      {product} {command line}

Logging:
Log output configuration:
 #0: stdout all=off uptime,level,tags foldmultilines=false
 #1: stderr all=off uptime,level,tags foldmultilines=false

Release file:
JAVA_VERSION="21.0.9" 
MODULES="java.base java.compiler java.datatransfer java.xml java.prefs java.desktop java.instrument java.logging java.management java.security.sasl java.naming java.rmi java.management.rmi java.net.http java.scripting java.security.jgss java.transaction.xa java.sql java.sql.rowset java.xml.crypto java.se java.smartcardio jdk.accessibility jdk.internal.jvmstat jdk.attach jdk.charsets jdk.internal.opt jdk.zipfs jdk.compiler jdk.crypto.ec jdk.crypto.cryptoki jdk.crypto.mscapi jdk.dynalink jdk.internal.ed jdk.editpad jdk.hotspot.agent jdk.httpserver jdk.internal.le jdk.internal.vm.ci jdk.internal.vm.compiler jdk.internal.vm.compiler.management jdk.jartool jdk.javadoc jdk.jcmd jdk.management jdk.management.agent jdk.jconsole jdk.jdeps jdk.jdwp.agent jdk.jdi jdk.jfr jdk.jshell jdk.jsobject jdk.jstatd jdk.localedata jdk.management.jfr jdk.naming.dns jdk.naming.rmi jdk.net jdk.nio.mapmode jdk.random jdk.sctp jdk.security.auth jdk.security.jgss jdk.unsupported jdk.unsupported.desktop jdk.xml.dom" 

Environment Variables:
JAVA_HOME=C:\Program Files\Microsoft\jdk-17.0.18.8-hotspot\
PATH=C:\Program Files\Microsoft\jdk-17.0.18.8-hotspot\bin;C:\Program Files\Microsoft\jdk-25.0.2.10-hotspot\bin;C:\Program Files\Python313\Scripts\;C:\Program Files\Python313\;C:\Program Files\Eclipse Adoptium\jdk-21.0.6.7-hotspot\bin;C:\Windows\system32;C:\Windows;C:\Windows\System32\Wbem;C:\Windows\System32\WindowsPowerShell\v1.0\;C:\Windows\System32\OpenSSH\;C:\Program Files\Git\cmd;C:\Program Files\nodejs\;C:\Program Files\NVIDIA Corporation\NVIDIA App\NvDLISR;C:\Program Files (x86)\NVIDIA Corporation\PhysX\Common;C:\Users\Ali Alaa\AppData\Roaming\Python\Python313\Scripts;C:\intelFPGA\20.1\modelsim_ase\win32aloem;C:\xampp\php;C:\ProgramData\ComposerSetup\bin;C:\Program Files\Microsoft\jdk-17.0.18.8-hotspot\\bin;D:\Unity\Hub\Editor\2022.3.62f3-x86_64\Editor\Data\PlaybackEngines\AndroidPlayer\SDK\platform-tools;C:\Users\Ali Alaa;C:\Users\Ali Alaa\AppData\Local\Programs\Python\Python311\;C:\Users\Ali Alaa\AppData\Local\Microsoft\WindowsApps;C:\Users\Ali Alaa\AppData\Local\Programs\Microsoft VS Code\bin;C:\Users\Ali Alaa\AppData\Roaming\npm;C:\Program Files\JetBrains\IntelliJ IDEA 2024.3.5\bin;;C:\Program Files\JetBrains\PyCharm 2025.1\bin;;C:\Users\Ali Alaa\AppData\Roaming\Python\Python313\Scripts;C:\MinGW\bin;D:\intelFPGA_lite\24.1std\questa_fse\win64;C:\intelFPGA\20.1\modelsim_ase\win32aloem;C:\Users\Ali Alaa\AppData\Local\Programs\Antigravity\bin;C:\intelFPGA\20.1\modelsim_ase\win32aloem;C:\xampp\php;C:\Users\Ali Alaa\AppData\Roaming\Composer\vendor\bin
USERNAME=Ali Alaa
OS=Windows_NT
PROCESSOR_IDENTIFIER=Intel64 Family 6 Model 154 Stepping 3, GenuineIntel
TMP=C:\Users\ALIALA~1\AppData\Local\Temp
TEMP=C:\Users\ALIALA~1\AppData\Local\Temp




Periodic native trim disabled

---------------  S Y S T E M  ---------------

OS:
 Windows 11 , 64 bit Build 26100 (10.0.26100.7705)
OS uptime: 0 days 15:31 hours
Hyper-V role detected

CPU: total 16 (initial active 16) (8 cores per cpu, 2 threads per core) family 6 model 154 stepping 3 microcode 0x419, cx8, cmov, fxsr, ht, mmx, 3dnowpref, sse, sse2, sse3, ssse3, sse4.1, sse4.2, popcnt, lzcnt, tsc, tscinvbit, avx, avx2, aes, erms, clmul, bmi1, bmi2, adx, sha, fma, vzeroupper, clflush, clflushopt, clwb, hv, serialize, rdtscp, rdpid, fsrm, f16c, cet_ibt, cet_ss
Processor Information for processor 0
  Max Mhz: 2100, Current Mhz: 2100, Mhz Limit: 2100
Processor Information for processor 1
  Max Mhz: 2100, Current Mhz: 2100, Mhz Limit: 2100
Processor Information for processor 2
  Max Mhz: 2100, Current Mhz: 2100, Mhz Limit: 2100
Processor Information for processor 3
  Max Mhz: 2100, Current Mhz: 2100, Mhz Limit: 2100
Processor Information for processor 4
  Max Mhz: 2100, Current Mhz: 2100, Mhz Limit: 2100
Processor Information for processor 5
  Max Mhz: 2100, Current Mhz: 2100, Mhz Limit: 2100
Processor Information for processor 6
  Max Mhz: 2100, Current Mhz: 2100, Mhz Limit: 2100
Processor Information for processor 7
  Max Mhz: 2100, Current Mhz: 2100, Mhz Limit: 2100
Processor Information for processor 8
  Max Mhz: 2100, Current Mhz: 1500, Mhz Limit: 1491
Processor Information for processor 9
  Max Mhz: 2100, Current Mhz: 1500, Mhz Limit: 1491
Processor Information for processor 10
  Max Mhz: 2100, Current Mhz: 1500, Mhz Limit: 1491
Processor Information for processor 11
  Max Mhz: 2100, Current Mhz: 1500, Mhz Limit: 1491
Processor Information for processor 12
  Max Mhz: 2100, Current Mhz: 1500, Mhz Limit: 1491
Processor Information for processor 13
  Max Mhz: 2100, Current Mhz: 1500, Mhz Limit: 1491
Processor Information for processor 14
  Max Mhz: 2100, Current Mhz: 1500, Mhz Limit: 1491
Processor Information for processor 15
  Max Mhz: 2100, Current Mhz: 1500, Mhz Limit: 1491

Memory: 4k page, system-wide physical 16088M (1526M free)
TotalPageFile size 39148M (AvailPageFile size 0M)
current process WorkingSet (physical memory assigned to process): 22M, peak: 328M
current process commit charge ("private bytes"): 377M, peak: 435M

vm_info: OpenJDK 64-Bit Server VM (21.0.9+10-LTS) for windows-amd64 JRE (21.0.9+10-LTS), built on 2025-10-21T00:00:00Z by "admin" with unknown MS VC++:1942

END.
